-114.496663411458 -114.487774452883
-114.460538736979 -114.472164277966
-114.481209309896 -114.481425204525
-114.492854817708 -114.486421013206
-114.492537434896 -114.485546174573
-114.482047526042 -114.479899147116
-114.464567057292 -114.471298340337
-114.412532552083 -114.424448177075
-114.460262044271 -114.461195203753
-114.487475585938 -114.481557191744
-114.487874348958 -114.480569676813
-114.464794921875 -114.462439979807
-114.427791341146 -114.433645541585
-114.3521484375 -114.341132428642
-114.433911132812 -114.426211036178
-114.482242838542 -114.474386239254
-114.480900065104 -114.472283324963
-114.4412109375 -114.432398755333
-114.382535807292 -114.374913772395
-186.524765014648 -186.475992552676
-186.358581542969 -186.359470315228
-186.453323364258 -186.426175840888
-186.507507324219 -186.464822110484
-186.507385253906 -186.465747186778
-186.460021972656 -186.437562561532
-186.384811401367 -186.393954291305
-186.400680541992 -186.353455903441
-186.47297668457 -186.427508214356
-186.512878417969 -186.465269414467
-186.509719848633 -186.465166035407
-186.472793579102 -186.434870940884
-186.416595458984 -186.390267948584
-186.360214233398 -186.306906995915
-186.455139160156 -186.41011014582
-186.50862121582 -186.461681643735
-186.505798339844 -186.456927603113
-186.458084106445 -186.411570270963
-186.385040283203 -186.334886225235
-186.663955688477 -186.628290969053
-186.586547851562 -186.543755605206
-186.631622314453 -186.595426266902
-186.65673828125 -186.622302585459
-186.655136108398 -186.617240400265
-186.63200378418 -186.592579255857
-186.596115112305 -186.557288316507
-186.50048828125 -186.425183538432
-186.59602355957 -186.546233945944
-186.648849487305 -186.612433127982
-186.645858764648 -186.603382194084
-186.596664428711 -186.548180531395
-186.523849487305 -186.472094113137
-186.499313354492 -186.439180739707
-186.595291137695 -186.547189674971
-186.648498535156 -186.61106145999
-186.646148681641 -186.605001435322
-186.599182128906 -186.552762734545
-186.524383544922 -186.481470919255
-186.444763183594 -186.5439778934
-186.394638061523 -186.510781892378
-186.426055908203 -186.532467744522
-186.440475463867 -186.541975297548
-186.439758300781 -186.540582519213
-186.425186157227 -186.531613446343
-186.406143188477 -186.520275704154
-186.370986938477 -186.488299650962
-186.413513183594 -186.5215760332
-186.436889648438 -186.540220026251
-186.434219360352 -186.53664503812
-186.413757324219 -186.521047090373
-186.377197265625 -186.496052947619
-186.281829833984 -186.396649207199
-186.376541137695 -186.488350682148
-186.429138183594 -186.53358174095
-186.426239013672 -186.525972818236
-186.379028320312 -186.486262286667
-186.306045532227 -186.428791751815
-186.664245605469 -186.616383737281
-186.58772277832 -186.541145652906
-186.632476806641 -186.585210763301
-186.657302856445 -186.609893351236
-186.655242919922 -186.606379329698
-186.631942749023 -186.582054992359
-186.595901489258 -186.545949326508
-186.50260925293 -186.443289877914
-186.597442626953 -186.541651089504
-186.649673461914 -186.599614110778
-186.645782470703 -186.592446496124
-186.596176147461 -186.534638064178
-186.523071289062 -186.452948350931
-186.500839233398 -186.436701436944
-186.596435546875 -186.531024479634
-186.649215698242 -186.592689684224
-186.644058227539 -186.591220006654
-186.596618652344 -186.532516620394
-186.523574829102 -186.455927338435
-186.566558837891 -186.23959412751
-186.512252807617 -186.191012595209
-186.543685913086 -186.221050509591
-186.561294555664 -186.236600754295
-186.560852050781 -186.231924854665
-186.545318603516 -186.215584180469
-186.521102905273 -186.192523944306
-186.457977294922 -186.122702454331
-186.521026611328 -186.194393221393
-186.556137084961 -186.231786573152
-186.55534362793 -186.222896605019
-186.525085449219 -186.187096703692
-186.478302001953 -186.137466833175
-186.395217895508 -186.072903069437
-186.495040893555 -186.178293835539
-186.550415039062 -186.232622050509
-186.54833984375 -186.206750075063
-186.500106811523 -186.143584864746
-186.425827026367 -186.060727362367
-186.487548828125 -186.450209118108
-186.514251708984 -186.202005560287
-184.380477905273 -185.319396605687
-184.619812011719 -185.665017224676
-184.596145629883 -185.470066563005
-186.521667480469 -186.212601611981
-114.468180338542 -114.478683065106
-114.467431640625 -114.482376637873
-186.651504516602 -186.605174557976
-186.591278076172 -186.562276030171
-186.624893188477 -186.593953243507
-186.602355957031 -186.574390027573
