-114.496663411458 -114.489517800475
-114.460538736979 -114.474849102782
-114.481209309896 -114.48353788867
-114.492854817708 -114.48807001695
-114.492537434896 -114.487856183678
-114.482047526042 -114.482909396587
-114.464567057292 -114.475292305538
-114.412532552083 -114.427737378526
-114.460262044271 -114.462821615718
-114.487475585938 -114.483028298341
-114.487874348958 -114.483090551188
-114.464794921875 -114.466020103138
-114.427791341146 -114.437631425644
-114.3521484375 -114.345271121753
-114.433911132812 -114.427666777618
-114.482242838542 -114.475664730422
-114.480900065104 -114.474874683468
-114.4412109375 -114.434935576021
-114.382535807292 -114.374976324454
-186.524765014648 -186.5032723057
-186.358581542969 -186.426336337942
-186.453323364258 -186.469599575473
-186.507507324219 -186.49580469069
-186.507385253906 -186.495538559908
-186.460021972656 -186.475431202556
-186.384811401367 -186.446989854197
-186.400680541992 -186.379940110493
-186.47297668457 -186.453768055621
-186.512878417969 -186.492625778289
-186.509719848633 -186.489122781252
-186.472793579102 -186.454098822874
-186.416595458984 -186.403379167377
-186.360214233398 -186.333563898813
-186.455139160156 -186.432880897466
-186.50862121582 -186.487948365498
-186.505798339844 -186.48140639698
-186.458084106445 -186.431354031985
-186.385040283203 -186.360001998591
-186.663955688477 -186.574451611455
-186.586547851562 -186.519096080188
-186.631622314453 -186.551418762762
-186.65673828125 -186.569270158343
-186.655136108398 -186.568481795087
-186.63200378418 -186.552781345847
-186.596115112305 -186.528890938481
-186.50048828125 -186.40847664194
-186.59602355957 -186.504741273133
-186.648849487305 -186.558369415263
-186.645858764648 -186.556650793304
-186.596664428711 -186.507689904256
-186.523849487305 -186.432357324731
-186.499313354492 -186.395763192275
-186.595291137695 -186.494965716393
-186.648498535156 -186.55277293477
-186.646148681641 -186.561864175098
-186.599182128906 -186.514814539921
-186.524383544922 -186.436101432768
-186.444763183594 -186.505658172601
-186.394638061523 -186.469208261345
-186.426055908203 -186.491865348841
-186.440475463867 -186.502209885972
-186.439758300781 -186.50399575179
-186.425186157227 -186.495854111482
-186.406143188477 -186.486011156794
-186.370986938477 -186.443079551158
-186.413513183594 -186.476281707834
-186.436889648438 -186.498234104353
-186.434219360352 -186.4999941932
-186.413757324219 -186.48509715886
-186.377197265625 -186.457412268816
-186.281829833984 -186.343613193052
-186.376541137695 -186.433977398485
-186.429138183594 -186.488254624084
-186.426239013672 -186.488164410468
-186.379028320312 -186.440108166265
-186.306045532227 -186.3671544272
-186.664245605469 -186.552753596985
-186.58772277832 -186.501325497534
-186.632476806641 -186.532279917297
-186.657302856445 -186.548763659129
-186.655242919922 -186.545928828066
-186.631942749023 -186.529816994356
-186.595901489258 -186.506055732384
-186.50260925293 -186.392743394506
-186.597442626953 -186.487697556332
-186.649673461914 -186.539079088726
-186.645782470703 -186.533558528228
-186.596176147461 -186.485175814998
-186.523071289062 -186.412964389498
-186.500839233398 -186.385092365862
-186.596435546875 -186.481993519144
-186.649215698242 -186.535746101257
-186.644058227539 -186.538064714612
-186.596618652344 -186.494199999881
-186.523574829102 -186.424274023126
-186.566558837891 -186.526282987092
-186.512252807617 -186.504424956122
-186.543685913086 -186.518099905233
-186.561294555664 -186.525221398527
-186.560852050781 -186.522072419117
-186.545318603516 -186.513522084865
-186.521102905273 -186.501567910634
-186.457977294922 -186.444208843859
-186.521026611328 -186.494050806124
-186.556137084961 -186.520537747239
-186.55534362793 -186.51495534627
-186.525085449219 -186.490450989371
-186.478302001953 -186.456293208161
-186.395217895508 -186.352290310019
-186.495040893555 -186.458478250271
-186.550415039062 -186.514384176009
-186.54833984375 -186.503579860776
-186.500106811523 -186.455596932895
-186.425827026367 -186.390085290198
