-114.496663411458 -114.489319426244
-114.460538736979 -114.474739252239
-114.481209309896 -114.483289082828
-114.492854817708 -114.487830189941
-114.492537434896 -114.487736471161
-114.482047526042 -114.483126951773
-114.464567057292 -114.475680414627
-114.412532552083 -114.427715744247
-114.460262044271 -114.462459461544
-114.487475585938 -114.482569720164
-114.487874348958 -114.483091040067
-114.464794921875 -114.465892944937
-114.427791341146 -114.437527147827
-114.3521484375 -114.345281704046
-114.433911132812 -114.427076650196
-114.482242838542 -114.47492860113
-114.480900065104 -114.474858983836
-114.4412109375 -114.434780205989
-114.382535807292 -114.375001733053
-186.524765014648 -186.506842927885
-186.358581542969 -186.405538771779
-186.453323364258 -186.463276134106
-186.507507324219 -186.496645367648
-186.507385253906 -186.498123039884
-186.460021972656 -186.474089842433
-186.384811401367 -186.438589342268
-186.400680541992 -186.3807223698
-186.47297668457 -186.453740912717
-186.512878417969 -186.494273569972
-186.509719848633 -186.493721498963
-186.472793579102 -186.458995571207
-186.416595458984 -186.406039832445
-186.360214233398 -186.335726479615
-186.455139160156 -186.434651199022
-186.50862121582 -186.490145314003
-186.505798339844 -186.487424041918
-186.458084106445 -186.438004995839
-186.385040283203 -186.36305743415
-186.663955688477 -186.566254656384
-186.586547851562 -186.506941927069
-186.631622314453 -186.542575294659
-186.65673828125 -186.561586330166
-186.655136108398 -186.558748139977
-186.63200378418 -186.541075854312
-186.596115112305 -186.515082180358
-186.50048828125 -186.404370283222
-186.59602355957 -186.499005473053
-186.648849487305 -186.55196898758
-186.645858764648 -186.546579103248
-186.596664428711 -186.497653115221
-186.523849487305 -186.423102998334
-186.499313354492 -186.389914259667
-186.595291137695 -186.489963673831
-186.648498535156 -186.547764445292
-186.646148681641 -186.549616220073
-186.599182128906 -186.502373536965
-186.524383544922 -186.428547778496
-186.444763183594 -186.51318444294
-186.394638061523 -186.476657484077
-186.426055908203 -186.499440485775
-186.440475463867 -186.509908429163
-186.439758300781 -186.510905227679
-186.425186157227 -186.502275750082
-186.406143188477 -186.491245367855
-186.370986938477 -186.45216465694
-186.413513183594 -186.485322433016
-186.436889648438 -186.506506813665
-186.434219360352 -186.507153056082
-186.413757324219 -186.491752208788
-186.377197265625 -186.464402956509
-186.281829833984 -186.355166339951
-186.376541137695 -186.44544962107
-186.429138183594 -186.497175696372
-186.426239013672 -186.495361135533
-186.379028320312 -186.448050418013
-186.306045532227 -186.375616356216
-186.664245605469 -186.556473279508
-186.58772277832 -186.49686798879
-186.632476806641 -186.532421505636
-186.657302856445 -186.551534377834
-186.655242919922 -186.549363578986
-186.631942749023 -186.532159784745
-186.595901489258 -186.50669753842
-186.50260925293 -186.391824530261
-186.597442626953 -186.487930026682
-186.649673461914 -186.541545378286
-186.645782470703 -186.537431510018
-186.596176147461 -186.488829784924
-186.523071289062 -186.414624446099
-186.500839233398 -186.384015635708
-186.596435546875 -186.482794420563
-186.649215698242 -186.539203586825
-186.644058227539 -186.538897663197
-186.596618652344 -186.491107222503
-186.523574829102 -186.417477900262
-186.566558837891 -186.507446940951
-186.512252807617 -186.477304907141
-186.543685913086 -186.494841233667
-186.561294555664 -186.504663754738
-186.560852050781 -186.503850834511
-186.545318603516 -186.494677060937
-186.521102905273 -186.480835579201
-186.457977294922 -186.416830731545
-186.521026611328 -186.470096421431
-186.556137084961 -186.498872516337
-186.55534362793 -186.496973504618
-186.525085449219 -186.469576790522
-186.478302001953 -186.429393756671
-186.395217895508 -186.332548472812
-186.495040893555 -186.438221719813
-186.550415039062 -186.492742992687
-186.54833984375 -186.485013600639
-186.500106811523 -186.43004237023
-186.425827026367 -186.353184890678
