-114.496663411458 -114.491607467326
-114.460538736979 -114.468483417552
-114.481209309896 -114.481945036341
-114.492854817708 -114.489231003459
-114.492537434896 -114.488616260697
-114.482047526042 -114.480905011908
-114.464567057292 -114.469123286889
-114.412532552083 -114.420398800877
-114.460262044271 -114.460485247944
-114.487475585938 -114.483726238033
-114.487874348958 -114.483244043205
-114.464794921875 -114.462437495742
-114.427791341146 -114.43051997667
-114.3521484375 -114.345999358564
-114.433911132812 -114.42811913224
-114.482242838542 -114.477364058117
-114.480900065104 -114.475402713929
-114.4412109375 -114.434387130074
-114.382535807292 -114.376480247403
-186.524765014648 -186.470480934023
-186.358581542969 -186.342447516668
-186.453323364258 -186.414513157243
-186.507507324219 -186.457216111586
-186.507385253906 -186.459573613325
-186.460021972656 -186.428108673008
-186.384811401367 -186.378365928068
-186.400680541992 -186.340217782966
-186.47297668457 -186.416881369102
-186.512878417969 -186.457549732626
-186.509719848633 -186.459452910725
-186.472793579102 -186.426110208062
-186.416595458984 -186.374963337338
-186.360214233398 -186.292685013997
-186.455139160156 -186.398328388978
-186.50862121582 -186.452967244758
-186.505798339844 -186.452524912872
-186.458084106445 -186.403160995282
-186.385040283203 -186.324654787863
-186.663955688477 -186.622107754136
-186.586547851562 -186.547064580576
-186.631622314453 -186.592802729171
-186.65673828125 -186.616563381256
-186.655136108398 -186.612800733423
-186.63200378418 -186.591429066778
-186.596115112305 -186.560229774693
-186.50048828125 -186.442044144494
-186.59602355957 -186.551589404471
-186.648849487305 -186.608420205358
-186.645858764648 -186.601489473389
-186.596664428711 -186.553501502599
-186.523849487305 -186.483307090871
-186.499313354492 -186.433800023479
-186.595291137695 -186.547316072691
-186.648498535156 -186.607144649816
-186.646148681641 -186.602964467861
-186.599182128906 -186.55443829128
-186.524383544922 -186.477243992458
-186.444763183594 -186.558652790195
-186.394638061523 -186.522434493708
-186.426055908203 -186.545894979837
-186.440475463867 -186.556311286662
-186.439758300781 -186.554981116987
-186.425186157227 -186.545221632003
-186.406143188477 -186.532346981128
-186.370986938477 -186.496918207984
-186.413513183594 -186.533271658597
-186.436889648438 -186.553934778921
-186.434219360352 -186.550381035084
-186.413757324219 -186.532534325621
-186.377197265625 -186.503532334542
-186.281829833984 -186.405158714852
-186.376541137695 -186.499344192525
-186.429138183594 -186.547318142911
-186.426239013672 -186.538573973442
-186.379028320312 -186.492293740435
-186.306045532227 -186.422756930577
-186.664245605469 -186.610388558346
-186.58772277832 -186.539247405758
-186.632476806641 -186.582995825379
-186.657302856445 -186.605638463607
-186.655242919922 -186.60035550355
-186.631942749023 -186.578248313098
-186.595901489258 -186.546400804825
-186.50260925293 -186.436059736328
-186.597442626953 -186.541586184417
-186.649673461914 -186.597634277923
-186.645782470703 -186.587822651088
-186.596176147461 -186.537747169591
-186.523071289062 -186.467058870082
-186.500839233398 -186.427151382431
-186.596435546875 -186.532107556342
-186.649215698242 -186.59362956755
-186.644058227539 -186.589270663687
-186.596618652344 -186.540860775524
-186.523574829102 -186.472931321408
-186.566558837891 -186.230539428993
-186.512252807617 -186.181518888989
-186.543685913086 -186.209032907754
-186.561294555664 -186.225287690012
-186.560852050781 -186.225208376177
-186.545318603516 -186.210515455776
-186.521102905273 -186.188275159786
-186.457977294922 -186.115032729929
-186.521026611328 -186.179211921458
-186.556137084961 -186.217462746169
-186.55534362793 -186.216813928077
-186.525085449219 -186.180197707833
-186.478302001953 -186.129430451372
-186.395217895508 -186.060333563181
-186.495040893555 -186.154143788501
-186.550415039062 -186.213174201503
-186.54833984375 -186.200634534909
-186.500106811523 -186.134649755151
-186.425827026367 -186.056704426882
-186.487548828125 -186.443237315524
-186.514251708984 -186.194800988668
-184.380477905273 -185.45099245772
-184.619812011719 -185.742539678937
-184.596145629883 -185.588669864863
-186.521667480469 -186.203871910768
-114.468180338542 -114.473401605724
-114.467431640625 -114.474112373531
-186.651504516602 -186.597874893125
-186.591278076172 -186.553644078191
-186.624893188477 -186.586815314532
-186.602355957031 -186.566898114758
