-114.496663411458 -114.490984063449
-114.460538736979 -114.468031349715
-114.481209309896 -114.481239854752
-114.492854817708 -114.488434912882
-114.492537434896 -114.488444418137
-114.482047526042 -114.481076517881
-114.464567057292 -114.470026330552
-114.412532552083 -114.422412553674
-114.460262044271 -114.46110505651
-114.487475585938 -114.483311334588
-114.487874348958 -114.483654854577
-114.464794921875 -114.464225871121
-114.427791341146 -114.432527559003
-114.3521484375 -114.347349950264
-114.433911132812 -114.430348361371
-114.482242838542 -114.477596119333
-114.480900065104 -114.476620732621
-114.4412109375 -114.436674826217
-114.382535807292 -114.375363105042
-186.524765014648 -186.463237895964
-186.358581542969 -186.338959001975
-186.453323364258 -186.408222261561
-186.507507324219 -186.449804788164
-186.507385253906 -186.453271837025
-186.460021972656 -186.423368624538
-186.384811401367 -186.375557843804
-186.400680541992 -186.335104799863
-186.47297668457 -186.408503011998
-186.512878417969 -186.449196931819
-186.509719848633 -186.453950320756
-186.472793579102 -186.422979463573
-186.416595458984 -186.374014149394
-186.360214233398 -186.296144817804
-186.455139160156 -186.392710733297
-186.50862121582 -186.445430258053
-186.505798339844 -186.446505697297
-186.458084106445 -186.399444468695
-186.385040283203 -186.316962992597
-186.663955688477 -186.626400322359
-186.586547851562 -186.548968084155
-186.631622314453 -186.596271002738
-186.65673828125 -186.620885049401
-186.655136108398 -186.61614789094
-186.63200378418 -186.592975932521
-186.596115112305 -186.559250720072
-186.50048828125 -186.439403584318
-186.59602355957 -186.552779411636
-186.648849487305 -186.612401674503
-186.645858764648 -186.603829912381
-186.596664428711 -186.552678869683
-186.523849487305 -186.479021519087
-186.499313354492 -186.430845741725
-186.595291137695 -186.548689606129
-186.648498535156 -186.610604667587
-186.646148681641 -186.605223431369
-186.599182128906 -186.555434734205
-186.524383544922 -186.483089965887
-186.444763183594 -186.552879641763
-186.394638061523 -186.516272259877
-186.426055908203 -186.538980620487
-186.440475463867 -186.549729836981
-186.439758300781 -186.550324833591
-186.425186157227 -186.541679536487
-186.406143188477 -186.530166576564
-186.370986938477 -186.491106674966
-186.413513183594 -186.52567186047
-186.436889648438 -186.546612469284
-186.434219360352 -186.546791570152
-186.413757324219 -186.531550124919
-186.377197265625 -186.504970330222
-186.281829833984 -186.403373091156
-186.376541137695 -186.490619946378
-186.429138183594 -186.538512974995
-186.426239013672 -186.537010313916
-186.379028320312 -186.495394847868
-186.306045532227 -186.431131217926
-186.664245605469 -186.616578768603
-186.58772277832 -186.540138543015
-186.632476806641 -186.586288756806
-186.657302856445 -186.611029640431
-186.655242919922 -186.605615559024
-186.631942749023 -186.580885803021
-186.595901489258 -186.544991115508
-186.50260925293 -186.429469903349
-186.597442626953 -186.539102343625
-186.649673461914 -186.601223997051
-186.645782470703 -186.591721084579
-186.596176147461 -186.53645206004
-186.523071289062 -186.458835934235
-186.500839233398 -186.419936172012
-186.596435546875 -186.526443829459
-186.649215698242 -186.595487570023
-186.644058227539 -186.593177703298
-186.596618652344 -186.542261653802
-186.523574829102 -186.470986625883
-186.566558837891 -186.262211997518
-186.512252807617 -186.215676638458
-186.543685913086 -186.244076580538
-186.561294555664 -186.258878661113
-186.560852050781 -186.256025635761
-186.545318603516 -186.242267907868
-186.521102905273 -186.222694076505
-186.457977294922 -186.148644480793
-186.521026611328 -186.217612001303
-186.556137084961 -186.253669892097
-186.55534362793 -186.248397871889
-186.525085449219 -186.217409514448
-186.478302001953 -186.173794301143
-186.395217895508 -186.097127546782
-186.495040893555 -186.200303488569
-186.550415039062 -186.253498563443
-186.54833984375 -186.233899329291
-186.500106811523 -186.177340903606
-186.425827026367 -186.100825141441
-186.487548828125 -186.436182716934
-186.514251708984 -186.225073501907
-184.380477905273 -185.399547643221
-184.619812011719 -185.769027612403
-184.596145629883 -185.529329522719
-186.521667480469 -186.229296529496
-114.468180338542 -114.472206971756
-114.467431640625 -114.472472050051
-186.651504516602 -186.604988553211
-186.591278076172 -186.560402864306
-186.624893188477 -186.591464615358
-186.602355957031 -186.573307298946
