-114.496663411458 -114.489250594051
-114.460538736979 -114.474827253049
-114.481209309896 -114.483424887024
-114.492854817708 -114.487906897625
-114.492537434896 -114.487533099176
-114.482047526042 -114.482651232633
-114.464567057292 -114.475162494598
-114.412532552083 -114.427387155641
-114.460262044271 -114.462477161886
-114.487475585938 -114.4827749741
-114.487874348958 -114.482713973269
-114.464794921875 -114.465504789357
-114.427791341146 -114.43780649219
-114.3521484375 -114.346240618128
-114.433911132812 -114.426878746751
-114.482242838542 -114.475080270165
-114.480900065104 -114.474325061683
-114.4412109375 -114.434981075409
-114.382535807292 -114.375577167711
-186.524765014648 -186.514804725987
-186.358581542969 -186.412002515674
-186.453323364258 -186.470078559331
-186.507507324219 -186.505032594841
-186.507385253906 -186.505285273673
-186.460021972656 -186.481176181052
-186.384811401367 -186.446066475412
-186.400680541992 -186.389634401916
-186.47297668457 -186.463073509393
-186.512878417969 -186.503463067028
-186.509719848633 -186.499880384755
-186.472793579102 -186.463634239491
-186.416595458984 -186.410295017441
-186.360214233398 -186.342355117249
-186.455139160156 -186.442279191384
-186.50862121582 -186.498650382595
-186.505798339844 -186.49440122644
-186.458084106445 -186.444452228249
-186.385040283203 -186.369984350775
-186.663955688477 -186.54647777282
-186.586547851562 -186.485592680611
-186.631622314453 -186.522207134545
-186.65673828125 -186.541632409046
-186.655136108398 -186.539269241942
-186.63200378418 -186.522111358297
-186.596115112305 -186.496847680524
-186.50048828125 -186.38164250976
-186.59602355957 -186.478731046034
-186.648849487305 -186.532031127178
-186.645858764648 -186.527391236274
-186.596664428711 -186.479218255129
-186.523849487305 -186.406160345457
-186.499313354492 -186.371021928241
-186.595291137695 -186.471951698087
-186.648498535156 -186.528960659636
-186.646148681641 -186.530015076546
-186.599182128906 -186.484631495031
-186.524383544922 -186.415001366121
-186.444763183594 -186.509206888853
-186.394638061523 -186.471785601263
-186.426055908203 -186.495009733312
-186.440475463867 -186.505756780959
-186.439758300781 -186.506947751344
-186.425186157227 -186.498668580075
-186.406143188477 -186.487421849028
-186.370986938477 -186.443991011175
-186.413513183594 -186.479354820531
-186.436889648438 -186.501880316739
-186.434219360352 -186.503195382824
-186.413757324219 -186.486910019801
-186.377197265625 -186.458851182683
-186.281829833984 -186.346759695444
-186.376541137695 -186.43851858518
-186.429138183594 -186.492351768716
-186.426239013672 -186.490875010999
-186.379028320312 -186.441991291777
-186.306045532227 -186.368238295368
-186.664245605469 -186.540512130158
-186.58772277832 -186.478774407242
-186.632476806641 -186.515679531222
-186.657302856445 -186.535424935301
-186.655242919922 -186.533375582042
-186.631942749023 -186.516058201276
-186.595901489258 -186.490418570757
-186.50260925293 -186.372590260265
-186.597442626953 -186.470818993707
-186.649673461914 -186.525330903776
-186.645782470703 -186.521270081463
-186.596176147461 -186.471955720389
-186.523071289062 -186.397333470742
-186.500839233398 -186.369019949268
-186.596435546875 -186.46796398546
-186.649215698242 -186.523900616214
-186.644058227539 -186.522646105135
-186.596618652344 -186.475043755586
-186.523574829102 -186.402744999706
-186.566558837891 -186.516395979533
-186.512252807617 -186.490084105178
-186.543685913086 -186.507241528844
-186.561294555664 -186.515638844269
-186.560852050781 -186.510959106735
-186.545318603516 -186.500723955195
-186.521102905273 -186.486891174925
-186.457977294922 -186.429865558199
-186.521026611328 -186.484355866645
-186.556137084961 -186.511791105645
-186.55534362793 -186.503052249407
-186.525085449219 -186.476219350122
-186.478302001953 -186.439554372023
-186.395217895508 -186.341811187422
-186.495040893555 -186.453084367093
-186.550415039062 -186.50745688454
-186.54833984375 -186.490824249117
-186.500106811523 -186.439827994567
-186.425827026367 -186.370634492877
