-114.496663411458 -114.490806738946
-114.460538736979 -114.469696784118
-114.481209309896 -114.481874425533
-114.492854817708 -114.488517858386
-114.492537434896 -114.488674407441
-114.482047526042 -114.481975664865
-114.464567057292 -114.471598680842
-114.412532552083 -114.424174741063
-114.460262044271 -114.461381896499
-114.487475585938 -114.483155906484
-114.487874348958 -114.483911571685
-114.464794921875 -114.465155851011
-114.427791341146 -114.435064806861
-114.3521484375 -114.348143444913
-114.433911132812 -114.429605658718
-114.482242838542 -114.476805108011
-114.480900065104 -114.476503226353
-114.4412109375 -114.437167747545
-114.382535807292 -114.375348430588
-186.524765014648 -186.474161065637
-186.358581542969 -186.344598791336
-186.453323364258 -186.416370831096
-186.507507324219 -186.459715868543
-186.507385253906 -186.463896028144
-186.460021972656 -186.432027098444
-186.384811401367 -186.380250365644
-186.400680541992 -186.339737019031
-186.47297668457 -186.416328481907
-186.512878417969 -186.458958130067
-186.509719848633 -186.46521343458
-186.472793579102 -186.433651048019
-186.416595458984 -186.383619347573
-186.360214233398 -186.293635605343
-186.455139160156 -186.397344331973
-186.50862121582 -186.454034747272
-186.505798339844 -186.458147983429
-186.458084106445 -186.41043346318
-186.385040283203 -186.329459469946
-186.663955688477 -186.627991540395
-186.586547851562 -186.554881063568
-186.631622314453 -186.598787369437
-186.65673828125 -186.622149193253
-186.655136108398 -186.618998232531
-186.63200378418 -186.597365802452
-186.596115112305 -186.564919884037
-186.50048828125 -186.452846969158
-186.59602355957 -186.557254662735
-186.648849487305 -186.613508985129
-186.645858764648 -186.607847268975
-186.596664428711 -186.558988159714
-186.523849487305 -186.485943086093
-186.499313354492 -186.440354205232
-186.595291137695 -186.551873429853
-186.648498535156 -186.611722682478
-186.646148681641 -186.609630648634
-186.599182128906 -186.562638041109
-186.524383544922 -186.487467816788
-186.444763183594 -186.54882177499
-186.394638061523 -186.509841009267
-186.426055908203 -186.533938349081
-186.440475463867 -186.545515650839
-186.439758300781 -186.545757157927
-186.425186157227 -186.535748690715
-186.406143188477 -186.522339295029
-186.370986938477 -186.48276856375
-186.413513183594 -186.519554751227
-186.436889648438 -186.542223190222
-186.434219360352 -186.541575920254
-186.413757324219 -186.523523076807
-186.377197265625 -186.49221710291
-186.281829833984 -186.398002429286
-186.376541137695 -186.485738610231
-186.429138183594 -186.534538513321
-186.426239013672 -186.529884313011
-186.379028320312 -186.481580652271
-186.306045532227 -186.407856367833
-186.664245605469 -186.612256868762
-186.58772277832 -186.542454169977
-186.632476806641 -186.584610113474
-186.657302856445 -186.606945761725
-186.655242919922 -186.602980387373
-186.631942749023 -186.581077090622
-186.595901489258 -186.548285194883
-186.50260925293 -186.439625075598
-186.597442626953 -186.542886994042
-186.649673461914 -186.598412146696
-186.645782470703 -186.590898824212
-186.596176147461 -186.539368422841
-186.523071289062 -186.463157066077
-186.500839233398 -186.423796499847
-186.596435546875 -186.529287012534
-186.649215698242 -186.593184634815
-186.644058227539 -186.592742346177
-186.596618652344 -186.542157377584
-186.523574829102 -186.470065370026
-186.566558837891 -186.235565270435
-186.512252807617 -186.192311121891
-186.543685913086 -186.218862342714
-186.561294555664 -186.232629457161
-186.560852050781 -186.229453225403
-186.545318603516 -186.216097783832
-186.521102905273 -186.197094636838
-186.457977294922 -186.128833656114
-186.521026611328 -186.193364676768
-186.556137084961 -186.227633415795
-186.55534362793 -186.221743335708
-186.525085449219 -186.191252820266
-186.478302001953 -186.148486280565
-186.395217895508 -186.080919094868
-186.495040893555 -186.175621068736
-186.550415039062 -186.226431909137
-186.54833984375 -186.207941426693
-186.500106811523 -186.15285040551
-186.425827026367 -186.078759407516
-186.487548828125 -186.443436001775
-186.514251708984 -186.20556711796
-184.380477905273 -185.465692172539
-184.619812011719 -185.783601580716
-184.596145629883 -185.609116488743
-186.521667480469 -186.21186618842
-114.468180338542 -114.475911716948
-114.467431640625 -114.476754404722
-186.651504516602 -186.601640304282
-186.591278076172 -186.558650925798
-186.624893188477 -186.59378585807
-186.602355957031 -186.574635613242
