-114.496663411458 -114.489412269497
-114.460538736979 -114.474765021888
-114.481209309896 -114.483425017984
-114.492854817708 -114.487996914307
-114.492537434896 -114.487761318774
-114.482047526042 -114.483011000807
-114.464567057292 -114.475518926727
-114.412532552083 -114.427249824536
-114.460262044271 -114.462497321671
-114.487475585938 -114.48280995863
-114.487874348958 -114.483054719711
-114.464794921875 -114.465668216648
-114.427791341146 -114.4373291935
-114.3521484375 -114.345003220205
-114.433911132812 -114.426950737874
-114.482242838542 -114.475117609285
-114.480900065104 -114.474653149672
-114.4412109375 -114.434636940076
-114.382535807292 -114.37514395094
-186.524765014648 -186.518537131933
-186.358581542969 -186.42177312595
-186.453323364258 -186.47645437797
-186.507507324219 -186.508792204013
-186.507385253906 -186.509632308858
-186.460021972656 -186.48517731362
-186.384811401367 -186.449190175094
-186.400680541992 -186.393421315409
-186.47297668457 -186.466217043814
-186.512878417969 -186.506421065702
-186.509719848633 -186.504924242052
-186.472793579102 -186.469591632237
-186.416595458984 -186.416578617954
-186.360214233398 -186.341142998852
-186.455139160156 -186.442283691251
-186.50862121582 -186.500146608964
-186.505798339844 -186.499680595317
-186.458084106445 -186.450696832304
-186.385040283203 -186.376664025089
-186.663955688477 -186.558812851248
-186.586547851562 -186.498285250991
-186.631622314453 -186.533890585418
-186.65673828125 -186.553351383901
-186.655136108398 -186.552174198659
-186.63200378418 -186.535161041297
-186.596115112305 -186.5094470571
-186.50048828125 -186.392243821626
-186.59602355957 -186.488273539852
-186.648849487305 -186.542852057958
-186.645858764648 -186.540823889473
-186.596664428711 -186.492966491412
-186.523849487305 -186.419150451576
-186.499313354492 -186.380707879725
-186.595291137695 -186.48052821539
-186.648498535156 -186.539372271833
-186.646148681641 -186.541693321459
-186.599182128906 -186.491148959239
-186.524383544922 -186.411370472809
-186.444763183594 -186.495090249984
-186.394638061523 -186.45902202821
-186.426055908203 -186.481753815883
-186.440475463867 -186.49198289366
-186.439758300781 -186.492705761551
-186.425186157227 -186.484222628858
-186.406143188477 -186.473146677291
-186.370986938477 -186.433315941033
-186.413513183594 -186.466957473737
-186.436889648438 -186.488469387088
-186.434219360352 -186.488670576408
-186.413757324219 -186.472346696531
-186.377197265625 -186.444170390373
-186.281829833984 -186.333682377724
-186.376541137695 -186.42566666356
-186.429138183594 -186.478741904772
-186.426239013672 -186.476528199741
-186.379028320312 -186.427798555489
-186.306045532227 -186.354233217206
-186.664245605469 -186.539878049807
-186.58772277832 -186.482911319591
-186.632476806641 -186.51696553692
-186.657302856445 -186.535226268671
-186.655242919922 -186.53281620639
-186.631942749023 -186.515749294673
-186.595901489258 -186.490408244903
-186.50260925293 -186.380868765182
-186.597442626953 -186.473967519142
-186.649673461914 -186.525693193237
-186.645782470703 -186.521020511917
-186.596176147461 -186.472863022942
-186.523071289062 -186.399927592329
-186.500839233398 -186.373080304978
-186.596435546875 -186.467870971562
-186.649215698242 -186.522386710121
-186.644058227539 -186.524071255504
-186.596618652344 -186.478349028794
-186.523574829102 -186.406786999982
-186.566558837891 -186.523236782723
-186.512252807617 -186.49436952531
-186.543685913086 -186.511753983771
-186.561294555664 -186.521167787634
-186.560852050781 -186.518859138537
-186.545318603516 -186.509083169655
-186.521102905273 -186.494885138646
-186.457977294922 -186.432041108385
-186.521026611328 -186.486178081628
-186.556137084961 -186.515799311595
-186.55534362793 -186.511657336743
-186.525085449219 -186.484554061904
-186.478302001953 -186.445056040502
-186.395217895508 -186.347651334387
-186.495040893555 -186.45338101875
-186.550415039062 -186.510176974448
-186.54833984375 -186.499407013398
-186.500106811523 -186.445951416488
-186.425827026367 -186.369673586544
