# /home/jsp/perl4dpgen_20221025/matplot/all_npy/initial/BN534: data_e pred_e
-1.717449951171875000e+03 -1.717362101084187543e+03
-1.716908081054687500e+03 -1.717045451761774302e+03
-1.717218139648437500e+03 -1.717228116382997996e+03
-1.717392822265625000e+03 -1.717327767875788595e+03
-1.717388061523437500e+03 -1.717330116111618736e+03
-1.717230712890625000e+03 -1.717229634972977010e+03
-1.716968505859375000e+03 -1.717073980212624065e+03
-1.716187988281250000e+03 -1.716362621115937827e+03
-1.716903930664062500e+03 -1.716920728447478950e+03
-1.717312133789062500e+03 -1.717247338597253929e+03
-1.717318115234375000e+03 -1.717258673575275907e+03
-1.716971923828125000e+03 -1.716977337765166112e+03
-1.716416870117187500e+03 -1.716525972102911282e+03
-1.715282226562500000e+03 -1.715222151673689041e+03
-1.716508666992187500e+03 -1.716444084880770106e+03
-1.717233642578125000e+03 -1.717152076620158368e+03
-1.717213500976562500e+03 -1.717147548395297463e+03
-1.716618164062500000e+03 -1.716557516213169038e+03
-1.715738037109375000e+03 -1.715630226458816196e+03
# /home/jsp/perl4dpgen_20221025/matplot/all_npy/initial/BN1599: data_e pred_e
-1.492198120117187500e+03 -1.491793288525093431e+03
-1.490868652343750000e+03 -1.490756790330685590e+03
-1.491626586914062500e+03 -1.491330966648766434e+03
-1.492060058593750000e+03 -1.491677726948343889e+03
-1.492059082031250000e+03 -1.491711168225154097e+03
-1.491680175781250000e+03 -1.491456216787553331e+03
-1.491078491210937500e+03 -1.491042002925154065e+03
-1.491205444335937500e+03 -1.490717896152245658e+03
-1.491783813476562500e+03 -1.491330627855258626e+03
-1.492103027343750000e+03 -1.491671665040533298e+03
-1.492077758789062500e+03 -1.491721707476638585e+03
-1.491782348632812500e+03 -1.491469208384153944e+03
-1.491332763671875000e+03 -1.491068954780587546e+03
-1.490881713867187500e+03 -1.490349084842746834e+03
-1.491641113281250000e+03 -1.491178754655786179e+03
-1.492068969726562500e+03 -1.491632277978175352e+03
-1.492046386718750000e+03 -1.491665183867432688e+03
-1.491664672851562500e+03 -1.491283467705437488e+03
-1.491080322265625000e+03 -1.490635675759566539e+03
# /home/jsp/perl4dpgen_20221025/matplot/all_npy/initial/BN7991: data_e pred_e
-7.466558227539062500e+02 -7.465119661615819950e+02
-7.463461914062500000e+02 -7.462195242542704818e+02
-7.465264892578125000e+02 -7.463951494777481912e+02
-7.466269531250000000e+02 -7.464885967730124321e+02
-7.466205444335937500e+02 -7.464759929301237662e+02
-7.465280151367187500e+02 -7.463894632098063084e+02
-7.463844604492187500e+02 -7.462596795361480417e+02
-7.460019531250000000e+02 -7.458113878766336029e+02
-7.463840942382812500e+02 -7.462290186509389969e+02
-7.465953979492187500e+02 -7.464540359405157233e+02
-7.465834350585937500e+02 -7.464313890758994603e+02
-7.463866577148437500e+02 -7.462359526388572704e+02
-7.460953979492187500e+02 -7.459437723443725190e+02
-7.459972534179687500e+02 -7.457614168209296395e+02
-7.463811645507812500e+02 -7.462074937194129234e+02
-7.465939941406250000e+02 -7.464468907299124112e+02
-7.465845947265625000e+02 -7.464385225945352431e+02
-7.463967285156250000e+02 -7.462505521644368400e+02
-7.460975341796875000e+02 -7.459498712671505700e+02
# /home/jsp/perl4dpgen_20221025/matplot/all_npy/initial/BN344: data_e pred_e
-1.491558105468750000e+03 -1.492390574199916955e+03
-1.491157104492187500e+03 -1.492078728074132869e+03
-1.491408447265625000e+03 -1.492271506792648779e+03
-1.491523803710937500e+03 -1.492364125206710014e+03
-1.491518066406250000e+03 -1.492366057263419179e+03
-1.491401489257812500e+03 -1.492285989525721334e+03
-1.491249145507812500e+03 -1.492178714360234608e+03
-1.490967895507812500e+03 -1.491862148510003408e+03
-1.491308105468750000e+03 -1.492156438009817066e+03
-1.491495117187500000e+03 -1.492337785521779097e+03
-1.491473754882812500e+03 -1.492332607362034196e+03
-1.491310058593750000e+03 -1.492188184614456759e+03
-1.491017578125000000e+03 -1.491937736823279920e+03
-1.490254638671875000e+03 -1.491184019434287620e+03
-1.491012329101562500e+03 -1.491885908881850355e+03
-1.491433105468750000e+03 -1.492276308106568877e+03
-1.491409912109375000e+03 -1.492239074504088876e+03
-1.491032226562500000e+03 -1.491852645218165435e+03
-1.490448364257812500e+03 -1.491262850942667910e+03
# /home/jsp/perl4dpgen_20221025/matplot/all_npy/initial/BN984: data_e pred_e
-7.466569824218750000e+02 -7.464490274750473873e+02
-7.463508911132812500e+02 -7.461698166799094452e+02
-7.465299072265625000e+02 -7.463384404538957142e+02
-7.466292114257812500e+02 -7.464277830469019364e+02
-7.466209716796875000e+02 -7.464119215494926038e+02
-7.465277709960937500e+02 -7.463243083624877272e+02
-7.463836059570312500e+02 -7.461931407795327686e+02
-7.460104370117187500e+02 -7.457585003023928039e+02
-7.463897705078125000e+02 -7.461715479761678580e+02
-7.465986938476562500e+02 -7.463936485867844794e+02
-7.465831298828125000e+02 -7.463635952968498941e+02
-7.463847045898437500e+02 -7.461574736913630659e+02
-7.460922851562500000e+02 -7.458526282643070999e+02
-7.460033569335937500e+02 -7.456951859993886274e+02
-7.463857421875000000e+02 -7.461171480501345741e+02
-7.465968627929687500e+02 -7.463727385392603537e+02
-7.465762329101562500e+02 -7.463709693847081326e+02
-7.463864746093750000e+02 -7.461686295103340854e+02
-7.460942993164062500e+02 -7.458802614801021491e+02
# /home/jsp/perl4dpgen_20221025/matplot/all_npy/initial/BN2653: data_e pred_e
-7.462662353515625000e+02 -7.449422610817383656e+02
-7.460490112304687500e+02 -7.447692444875650608e+02
-7.461747436523437500e+02 -7.448754493708541986e+02
-7.462451782226562500e+02 -7.449305178286424507e+02
-7.462434082031250000e+02 -7.449178129016136154e+02
-7.461812744140625000e+02 -7.448643911353291287e+02
-7.460844116210937500e+02 -7.447883785473511580e+02
-7.458319091796875000e+02 -7.445153346244553632e+02
-7.460841064453125000e+02 -7.447734587070717680e+02
-7.462245483398437500e+02 -7.449105336631789669e+02
-7.462213745117187500e+02 -7.448869733428334712e+02
-7.461003417968750000e+02 -7.447650112810633800e+02
-7.459132080078125000e+02 -7.445939451222594698e+02
-7.455808715820312500e+02 -7.443236763794704984e+02
-7.459801635742187500e+02 -7.447024842749430036e+02
-7.462016601562500000e+02 -7.449057276365492726e+02
-7.461933593750000000e+02 -7.448317657067726714e+02
-7.460004272460937500e+02 -7.446114016220399208e+02
-7.457033081054687500e+02 -7.443150376300620792e+02
# /home/jsp/perl4dpgen_20221025/matplot/all_npy/iter_000/BN1599: data_e pred_e
-1.491900390625000000e+03 -1.491547488014200326e+03
# /home/jsp/perl4dpgen_20221025/matplot/all_npy/iter_000/BN2653: data_e pred_e
-7.460570068359375000e+02 -7.448222684718400615e+02
-7.375219116210937500e+02 -7.418627686901544394e+02
-7.384792480468750000e+02 -7.431344063228655159e+02
-7.383845825195312500e+02 -7.424364659549737553e+02
-7.460866699218750000e+02 -7.448474647536802422e+02
# /home/jsp/perl4dpgen_20221025/matplot/all_npy/iter_000/BN534: data_e pred_e
-1.717022705078125000e+03 -1.717138675754223868e+03
-1.717011474609375000e+03 -1.717151316070827988e+03
# /home/jsp/perl4dpgen_20221025/matplot/all_npy/iter_000/BN984: data_e pred_e
-7.466060180664062500e+02 -7.464065612171285693e+02
-7.463651123046875000e+02 -7.462346037031915102e+02
# /home/jsp/perl4dpgen_20221025/matplot/all_npy/iter_000/BN7991: data_e pred_e
-7.464995727539062500e+02 -7.463751434322784917e+02
-7.464094238281250000e+02 -7.462985424529695138e+02
