# /home/jsp/perl4dpgen_20221025/matplot/all_npy/initial/BN534: data_e pred_e
-1.717449951171875000e+03 -1.717316616793242019e+03
-1.716908081054687500e+03 -1.717082464169487594e+03
-1.717218139648437500e+03 -1.717221378067882142e+03
-1.717392822265625000e+03 -1.717296315198085949e+03
-1.717388061523437500e+03 -1.717283192618592921e+03
-1.717230712890625000e+03 -1.717198487206734626e+03
-1.716968505859375000e+03 -1.717069475105061201e+03
-1.716187988281250000e+03 -1.716366722656122874e+03
-1.716903930664062500e+03 -1.716917928056288019e+03
-1.717312133789062500e+03 -1.717223357876162254e+03
-1.717318115234375000e+03 -1.717208545152190709e+03
-1.716971923828125000e+03 -1.716936599697109386e+03
-1.716416870117187500e+03 -1.716504683123780069e+03
-1.715282226562500000e+03 -1.715116986429631197e+03
-1.716508666992187500e+03 -1.716393165542674296e+03
-1.717233642578125000e+03 -1.717115793588809311e+03
-1.717213500976562500e+03 -1.717084249874440957e+03
-1.716618164062500000e+03 -1.716485981329995411e+03
-1.715738037109375000e+03 -1.715623706585920900e+03
# /home/jsp/perl4dpgen_20221025/matplot/all_npy/initial/BN1599: data_e pred_e
-1.492198120117187500e+03 -1.491807940421407693e+03
-1.490868652343750000e+03 -1.490875762521826800e+03
-1.491626586914062500e+03 -1.491409406727107807e+03
-1.492060058593750000e+03 -1.491718576883873993e+03
-1.492059082031250000e+03 -1.491725977494220842e+03
-1.491680175781250000e+03 -1.491500500492255014e+03
-1.491078491210937500e+03 -1.491151634330441084e+03
-1.491205444335937500e+03 -1.490827647227524949e+03
-1.491783813476562500e+03 -1.491420065714849670e+03
-1.492103027343750000e+03 -1.491722155315738746e+03
-1.492077758789062500e+03 -1.491721328283252660e+03
-1.491782348632812500e+03 -1.491478967527071973e+03
-1.491332763671875000e+03 -1.491122143588670042e+03
-1.490881713867187500e+03 -1.490455255967318180e+03
-1.491641113281250000e+03 -1.491280881166563859e+03
-1.492068969726562500e+03 -1.491693453149881407e+03
-1.492046386718750000e+03 -1.491655420824906059e+03
-1.491664672851562500e+03 -1.491292562167702272e+03
-1.491080322265625000e+03 -1.490679089801883947e+03
# /home/jsp/perl4dpgen_20221025/matplot/all_npy/initial/BN7991: data_e pred_e
-7.466558227539062500e+02 -7.465131638762106832e+02
-7.463461914062500000e+02 -7.461750224208238933e+02
-7.465264892578125000e+02 -7.463817050676086637e+02
-7.466269531250000000e+02 -7.464892103418376337e+02
-7.466205444335937500e+02 -7.464689616010614372e+02
-7.465280151367187500e+02 -7.463703170234277877e+02
-7.463844604492187500e+02 -7.462291532660287885e+02
-7.460019531250000000e+02 -7.457007341537293996e+02
-7.463840942382812500e+02 -7.461849357837752450e+02
-7.465953979492187500e+02 -7.464497325119261859e+02
-7.465834350585937500e+02 -7.464135287763351698e+02
-7.463866577148437500e+02 -7.461927221255799623e+02
-7.460953979492187500e+02 -7.458883764525492097e+02
-7.459972534179687500e+02 -7.457567229588278224e+02
-7.463811645507812500e+02 -7.461887586998842607e+02
-7.465939941406250000e+02 -7.464442458399585121e+02
-7.465845947265625000e+02 -7.464200057412899696e+02
-7.463967285156250000e+02 -7.462110509381784595e+02
-7.460975341796875000e+02 -7.459258836770185326e+02
# /home/jsp/perl4dpgen_20221025/matplot/all_npy/initial/BN344: data_e pred_e
-1.491558105468750000e+03 -1.492351823147199184e+03
-1.491157104492187500e+03 -1.492086255139021887e+03
-1.491408447265625000e+03 -1.492259741956176413e+03
-1.491523803710937500e+03 -1.492335802380380528e+03
-1.491518066406250000e+03 -1.492324660153705054e+03
-1.491401489257812500e+03 -1.492252907570744810e+03
-1.491249145507812500e+03 -1.492162205633228496e+03
-1.490967895507812500e+03 -1.491906397207693772e+03
-1.491308105468750000e+03 -1.492172608265596864e+03
-1.491495117187500000e+03 -1.492321760210005323e+03
-1.491473754882812500e+03 -1.492293160304957382e+03
-1.491310058593750000e+03 -1.492168376722985613e+03
-1.491017578125000000e+03 -1.491968423580950002e+03
-1.490254638671875000e+03 -1.491173193657589081e+03
-1.491012329101562500e+03 -1.491906805457180781e+03
-1.491433105468750000e+03 -1.492268653927598052e+03
-1.491409912109375000e+03 -1.492207782545885266e+03
-1.491032226562500000e+03 -1.491890098293337587e+03
-1.490448364257812500e+03 -1.491430334014517712e+03
# /home/jsp/perl4dpgen_20221025/matplot/all_npy/initial/BN984: data_e pred_e
-7.466569824218750000e+02 -7.464655349491238212e+02
-7.463508911132812500e+02 -7.461645826116227909e+02
-7.465299072265625000e+02 -7.463408430532020930e+02
-7.466292114257812500e+02 -7.464395734049455768e+02
-7.466209716796875000e+02 -7.464255173187924584e+02
-7.465277709960937500e+02 -7.463282199694363044e+02
-7.463836059570312500e+02 -7.461837973060305558e+02
-7.460104370117187500e+02 -7.457731595116558765e+02
-7.463897705078125000e+02 -7.461666043580150927e+02
-7.465986938476562500e+02 -7.463984564431123090e+02
-7.465831298828125000e+02 -7.463697859844960476e+02
-7.463847045898437500e+02 -7.461385522567117050e+02
-7.460922851562500000e+02 -7.458117934037256873e+02
-7.460033569335937500e+02 -7.457468057477747152e+02
-7.463857421875000000e+02 -7.461240979185361084e+02
-7.465968627929687500e+02 -7.463707587368950271e+02
-7.465762329101562500e+02 -7.463648800266144008e+02
-7.463864746093750000e+02 -7.461300664815760229e+02
-7.460942993164062500e+02 -7.458237093537416058e+02
# /home/jsp/perl4dpgen_20221025/matplot/all_npy/initial/BN2653: data_e pred_e
-7.462662353515625000e+02 -7.449583765100411483e+02
-7.460490112304687500e+02 -7.447640503808363519e+02
-7.461747436523437500e+02 -7.448842020383658564e+02
-7.462451782226562500e+02 -7.449464030171810691e+02
-7.462434082031250000e+02 -7.449276994186584488e+02
-7.461812744140625000e+02 -7.448623367218769999e+02
-7.460844116210937500e+02 -7.447700957772235597e+02
-7.458319091796875000e+02 -7.444908098173249300e+02
-7.460841064453125000e+02 -7.447775728855738180e+02
-7.462245483398437500e+02 -7.449271462926078584e+02
-7.462213745117187500e+02 -7.448915864200756687e+02
-7.461003417968750000e+02 -7.447483868147680823e+02
-7.459132080078125000e+02 -7.445498673326994776e+02
-7.455808715820312500e+02 -7.442916122777494365e+02
-7.459801635742187500e+02 -7.447131753421549547e+02
-7.462016601562500000e+02 -7.449304882020373952e+02
-7.461933593750000000e+02 -7.448270003002528483e+02
-7.460004272460937500e+02 -7.445743394589840136e+02
-7.457033081054687500e+02 -7.442429094494661967e+02
# /home/jsp/perl4dpgen_20221025/matplot/all_npy/iter_000/BN1599: data_e pred_e
-1.491900390625000000e+03 -1.491601672944862003e+03
# /home/jsp/perl4dpgen_20221025/matplot/all_npy/iter_000/BN2653: data_e pred_e
-7.460570068359375000e+02 -7.448080222411483646e+02
-7.375219116210937500e+02 -7.412775864227490956e+02
-7.384792480468750000e+02 -7.426600688987056174e+02
-7.383845825195312500e+02 -7.418802662520209878e+02
-7.460866699218750000e+02 -7.448504064479225235e+02
# /home/jsp/perl4dpgen_20221025/matplot/all_npy/iter_000/BN534: data_e pred_e
-1.717022705078125000e+03 -1.717180245976594051e+03
-1.717011474609375000e+03 -1.717235649568099916e+03
# /home/jsp/perl4dpgen_20221025/matplot/all_npy/iter_000/BN984: data_e pred_e
-7.466060180664062500e+02 -7.464206982319053623e+02
-7.463651123046875000e+02 -7.462491041206834552e+02
# /home/jsp/perl4dpgen_20221025/matplot/all_npy/iter_000/BN7991: data_e pred_e
-7.464995727539062500e+02 -7.463758129740273262e+02
-7.464094238281250000e+02 -7.462975601102938299e+02
