# /home/jsp/perl4dpgen_20221025/matplot/all_npy/initial/BN534: data_e pred_e
-1.717449951171875000e+03 -1.717374112009896180e+03
-1.716908081054687500e+03 -1.717027251263273229e+03
-1.717218139648437500e+03 -1.717229175545117869e+03
-1.717392822265625000e+03 -1.717338465051882622e+03
-1.717388061523437500e+03 -1.717329243910455034e+03
-1.717230712890625000e+03 -1.717213575178626570e+03
-1.716968505859375000e+03 -1.717036849303336112e+03
-1.716187988281250000e+03 -1.716305982013161156e+03
-1.716903930664062500e+03 -1.716907278719160331e+03
-1.717312133789062500e+03 -1.717255893570494436e+03
-1.717318115234375000e+03 -1.717248660648077475e+03
-1.716971923828125000e+03 -1.716936562436132590e+03
-1.716416870117187500e+03 -1.716457799650047036e+03
-1.715282226562500000e+03 -1.715189990378462880e+03
-1.716508666992187500e+03 -1.716421786983597485e+03
-1.717233642578125000e+03 -1.717160460871757095e+03
-1.717213500976562500e+03 -1.717131040708937007e+03
-1.716618164062500000e+03 -1.716515806951113973e+03
-1.715738037109375000e+03 -1.715647203711047496e+03
# /home/jsp/perl4dpgen_20221025/matplot/all_npy/initial/BN1599: data_e pred_e
-1.492198120117187500e+03 -1.491763847472183443e+03
-1.490868652343750000e+03 -1.490739580133344589e+03
-1.491626586914062500e+03 -1.491316105257941672e+03
-1.492060058593750000e+03 -1.491657728892686009e+03
-1.492059082031250000e+03 -1.491676588906596862e+03
-1.491680175781250000e+03 -1.491424869384065687e+03
-1.491078491210937500e+03 -1.491026927424544283e+03
-1.491205444335937500e+03 -1.490721742263728629e+03
-1.491783813476562500e+03 -1.491335050952818392e+03
-1.492103027343750000e+03 -1.491660397861004640e+03
-1.492077758789062500e+03 -1.491675623285802658e+03
-1.491782348632812500e+03 -1.491408881664495311e+03
-1.491332763671875000e+03 -1.490999706698701630e+03
-1.490881713867187500e+03 -1.490341480111972487e+03
-1.491641113281250000e+03 -1.491186627111822872e+03
-1.492068969726562500e+03 -1.491623737958060246e+03
-1.492046386718750000e+03 -1.491620199302979245e+03
-1.491664672851562500e+03 -1.491225287962255152e+03
-1.491080322265625000e+03 -1.490597238302901133e+03
# /home/jsp/perl4dpgen_20221025/matplot/all_npy/initial/BN7991: data_e pred_e
-7.466558227539062500e+02 -7.464884310165459738e+02
-7.463461914062500000e+02 -7.461882583223029997e+02
-7.465264892578125000e+02 -7.463712109166821165e+02
-7.466269531250000000e+02 -7.464662535250232622e+02
-7.466205444335937500e+02 -7.464512029336910928e+02
-7.465280151367187500e+02 -7.463657162671103151e+02
-7.463844604492187500e+02 -7.462409190987730199e+02
-7.460019531250000000e+02 -7.457681765779771013e+02
-7.463840942382812500e+02 -7.462063576178841231e+02
-7.465953979492187500e+02 -7.464336808214330858e+02
-7.465834350585937500e+02 -7.464059578935574564e+02
-7.463866577148437500e+02 -7.462140060103945416e+02
-7.460953979492187500e+02 -7.459332283634839769e+02
-7.459972534179687500e+02 -7.457352000939145000e+02
-7.463811645507812500e+02 -7.461892642907628215e+02
-7.465939941406250000e+02 -7.464285785992628917e+02
-7.465845947265625000e+02 -7.464118578714432033e+02
-7.463967285156250000e+02 -7.462177531651205982e+02
-7.460975341796875000e+02 -7.459089759698301805e+02
# /home/jsp/perl4dpgen_20221025/matplot/all_npy/initial/BN344: data_e pred_e
-1.491558105468750000e+03 -1.492469222321558846e+03
-1.491157104492187500e+03 -1.492179475949666084e+03
-1.491408447265625000e+03 -1.492367159838692260e+03
-1.491523803710937500e+03 -1.492450490293298571e+03
-1.491518066406250000e+03 -1.492439848935894815e+03
-1.491401489257812500e+03 -1.492361773056027687e+03
-1.491249145507812500e+03 -1.492258775849022413e+03
-1.490967895507812500e+03 -1.491975345663869575e+03
-1.491308105468750000e+03 -1.492266173268779994e+03
-1.491495117187500000e+03 -1.492431478231368146e+03
-1.491473754882812500e+03 -1.492403048280671783e+03
-1.491310058593750000e+03 -1.492260274604965161e+03
-1.491017578125000000e+03 -1.492028258676335554e+03
-1.490254638671875000e+03 -1.491241269718816966e+03
-1.491012329101562500e+03 -1.491994753540201600e+03
-1.491433105468750000e+03 -1.492378545143288648e+03
-1.491409912109375000e+03 -1.492308591787538717e+03
-1.491032226562500000e+03 -1.491938349923477290e+03
-1.490448364257812500e+03 -1.491382055444614025e+03
# /home/jsp/perl4dpgen_20221025/matplot/all_npy/initial/BN984: data_e pred_e
-7.466569824218750000e+02 -7.464415542333829308e+02
-7.463508911132812500e+02 -7.461569896230322456e+02
-7.465299072265625000e+02 -7.463319833015150380e+02
-7.466292114257812500e+02 -7.464225538544269511e+02
-7.466209716796875000e+02 -7.464014220142017848e+02
-7.465277709960937500e+02 -7.463129932523935395e+02
-7.463836059570312500e+02 -7.461856032193005603e+02
-7.460104370117187500e+02 -7.457442389453134410e+02
-7.463897705078125000e+02 -7.461663447376665772e+02
-7.465986938476562500e+02 -7.463905371116923106e+02
-7.465831298828125000e+02 -7.463512906043517887e+02
-7.463847045898437500e+02 -7.461509886783654792e+02
-7.460922851562500000e+02 -7.458682354803283943e+02
-7.460033569335937500e+02 -7.457086055297256735e+02
-7.463857421875000000e+02 -7.461284302253690157e+02
-7.465968627929687500e+02 -7.463745182702006105e+02
-7.465762329101562500e+02 -7.463570826547471597e+02
-7.463864746093750000e+02 -7.461634431020963802e+02
-7.460942993164062500e+02 -7.458917252856319919e+02
# /home/jsp/perl4dpgen_20221025/matplot/all_npy/initial/BN2653: data_e pred_e
-7.462662353515625000e+02 -7.449221577159736398e+02
-7.460490112304687500e+02 -7.447260755559548215e+02
-7.461747436523437500e+02 -7.448361316310151778e+02
-7.462451782226562500e+02 -7.449011507600484947e+02
-7.462434082031250000e+02 -7.449008335047099081e+02
-7.461812744140625000e+02 -7.448420618231039043e+02
-7.460844116210937500e+02 -7.447531006391420760e+02
-7.458319091796875000e+02 -7.444601309197142882e+02
-7.460841064453125000e+02 -7.447168476858307713e+02
-7.462245483398437500e+02 -7.448698509846769866e+02
-7.462213745117187500e+02 -7.448672557123078377e+02
-7.461003417968750000e+02 -7.447207908313325788e+02
-7.459132080078125000e+02 -7.445177218054878949e+02
-7.455808715820312500e+02 -7.442413342527229361e+02
-7.459801635742187500e+02 -7.446165751540036126e+02
-7.462016601562500000e+02 -7.448526968060120907e+02
-7.461933593750000000e+02 -7.448025381396344073e+02
-7.460004272460937500e+02 -7.445385990206029874e+02
-7.457033081054687500e+02 -7.442268177075294489e+02
# /home/jsp/perl4dpgen_20221025/matplot/all_npy/iter_000/BN1599: data_e pred_e
-1.491900390625000000e+03 -1.491545898524193262e+03
# /home/jsp/perl4dpgen_20221025/matplot/all_npy/iter_000/BN2653: data_e pred_e
-7.460570068359375000e+02 -7.447792039546709475e+02
-7.375219116210937500e+02 -7.418039698308795096e+02
-7.384792480468750000e+02 -7.429701587157481981e+02
-7.383845825195312500e+02 -7.423546794594524272e+02
-7.460866699218750000e+02 -7.448154876430706963e+02
# /home/jsp/perl4dpgen_20221025/matplot/all_npy/iter_000/BN534: data_e pred_e
-1.717022705078125000e+03 -1.717101024085858398e+03
-1.717011474609375000e+03 -1.717111685602967100e+03
# /home/jsp/perl4dpgen_20221025/matplot/all_npy/iter_000/BN984: data_e pred_e
-7.466060180664062500e+02 -7.463914995725006065e+02
-7.463651123046875000e+02 -7.462145763127632563e+02
# /home/jsp/perl4dpgen_20221025/matplot/all_npy/iter_000/BN7991: data_e pred_e
-7.464995727539062500e+02 -7.463472612581290377e+02
-7.464094238281250000e+02 -7.462675924590330396e+02
