# /home/jsp/perl4dpgen_20221025/matplot/all_npy/initial/BN534: data_e pred_e
-1.717449951171875000e+03 -1.717339791393660335e+03
-1.716908081054687500e+03 -1.717121088783582081e+03
-1.717218139648437500e+03 -1.717249336242425443e+03
-1.717392822265625000e+03 -1.717317452849119491e+03
-1.717388061523437500e+03 -1.717316047067414274e+03
-1.717230712890625000e+03 -1.717246904276600844e+03
-1.716968505859375000e+03 -1.717135206219403926e+03
-1.716187988281250000e+03 -1.716415736163700558e+03
-1.716903930664062500e+03 -1.716936891923155599e+03
-1.717312133789062500e+03 -1.717238545802457338e+03
-1.717318115234375000e+03 -1.717246365601002708e+03
-1.716971923828125000e+03 -1.716988394174058385e+03
-1.716416870117187500e+03 -1.716562907217408110e+03
-1.715282226562500000e+03 -1.715179225560691521e+03
-1.716508666992187500e+03 -1.716406149752944202e+03
-1.717233642578125000e+03 -1.717123929016946022e+03
-1.717213500976562500e+03 -1.717122884757547126e+03
-1.716618164062500000e+03 -1.716521703089833181e+03
-1.715738037109375000e+03 -1.715625025995799888e+03
# /home/jsp/perl4dpgen_20221025/matplot/all_npy/initial/BN1599: data_e pred_e
-1.492198120117187500e+03 -1.492054743423077525e+03
-1.490868652343750000e+03 -1.491244310174229213e+03
-1.491626586914062500e+03 -1.491706209072846605e+03
-1.492060058593750000e+03 -1.491973162941181727e+03
-1.492059082031250000e+03 -1.491984984319072282e+03
-1.491680175781250000e+03 -1.491792718739467091e+03
-1.491078491210937500e+03 -1.491508714738140725e+03
-1.491205444335937500e+03 -1.491045778958401797e+03
-1.491783813476562500e+03 -1.491629927301734369e+03
-1.492103027343750000e+03 -1.491954188559775730e+03
-1.492077758789062500e+03 -1.491949771991706712e+03
-1.491782348632812500e+03 -1.491671964569655756e+03
-1.491332763671875000e+03 -1.491248318659560937e+03
-1.490881713867187500e+03 -1.490685811836916400e+03
-1.491641113281250000e+03 -1.491477209592178951e+03
-1.492068969726562500e+03 -1.491921162512024239e+03
-1.492046386718750000e+03 -1.491899392335345055e+03
-1.491664672851562500e+03 -1.491504039966714117e+03
-1.491080322265625000e+03 -1.490904459473199950e+03
# /home/jsp/perl4dpgen_20221025/matplot/all_npy/initial/BN7991: data_e pred_e
-7.466558227539062500e+02 -7.462650186255378912e+02
-7.463461914062500000e+02 -7.460277677082757464e+02
-7.465264892578125000e+02 -7.461703011786355546e+02
-7.466269531250000000e+02 -7.462463453206635222e+02
-7.466205444335937500e+02 -7.462349925599064591e+02
-7.465280151367187500e+02 -7.461643034172484477e+02
-7.463844604492187500e+02 -7.460603287214323700e+02
-7.460019531250000000e+02 -7.456174811328860415e+02
-7.463840942382812500e+02 -7.459960218922103650e+02
-7.465953979492187500e+02 -7.462078759503190213e+02
-7.465834350585937500e+02 -7.461863164129932784e+02
-7.463866577148437500e+02 -7.459906124608844493e+02
-7.460953979492187500e+02 -7.456924119933378279e+02
-7.459972534179687500e+02 -7.455596570386661597e+02
-7.463811645507812500e+02 -7.459598546953220648e+02
-7.465939941406250000e+02 -7.461910577811665917e+02
-7.465845947265625000e+02 -7.461984648802903166e+02
-7.463967285156250000e+02 -7.460094941478611190e+02
-7.460975341796875000e+02 -7.457141911139829062e+02
# /home/jsp/perl4dpgen_20221025/matplot/all_npy/initial/BN344: data_e pred_e
-1.491558105468750000e+03 -1.492105475543517059e+03
-1.491157104492187500e+03 -1.491813259872616982e+03
-1.491408447265625000e+03 -1.491995523886199862e+03
-1.491523803710937500e+03 -1.492079267433301993e+03
-1.491518066406250000e+03 -1.492087241821428506e+03
-1.491401489257812500e+03 -1.492018206000658665e+03
-1.491249145507812500e+03 -1.491929962942838301e+03
-1.490967895507812500e+03 -1.491617317255523631e+03
-1.491308105468750000e+03 -1.491882579464131595e+03
-1.491495117187500000e+03 -1.492052054509318623e+03
-1.491473754882812500e+03 -1.492057224448658644e+03
-1.491310058593750000e+03 -1.491934017670302637e+03
-1.491017578125000000e+03 -1.491715223652074656e+03
-1.490254638671875000e+03 -1.490841330719610141e+03
-1.491012329101562500e+03 -1.491563596968557022e+03
-1.491433105468750000e+03 -1.491977405570972223e+03
-1.491409912109375000e+03 -1.491962889084265498e+03
-1.491032226562500000e+03 -1.491584403344105340e+03
-1.490448364257812500e+03 -1.491004930849730044e+03
# /home/jsp/perl4dpgen_20221025/matplot/all_npy/initial/BN984: data_e pred_e
-7.466569824218750000e+02 -7.462258931180313084e+02
-7.463508911132812500e+02 -7.459874719551592079e+02
-7.465299072265625000e+02 -7.461296860225426144e+02
-7.466292114257812500e+02 -7.462061375113360100e+02
-7.466209716796875000e+02 -7.461974543159456061e+02
-7.465277709960937500e+02 -7.461286391389799064e+02
-7.463836059570312500e+02 -7.460267901536815316e+02
-7.460104370117187500e+02 -7.455672981210439048e+02
-7.463897705078125000e+02 -7.459517201067296810e+02
-7.465986938476562500e+02 -7.461661815131440108e+02
-7.465831298828125000e+02 -7.461497260400738014e+02
-7.463847045898437500e+02 -7.459553191396961438e+02
-7.460922851562500000e+02 -7.456584977843949673e+02
-7.460033569335937500e+02 -7.455360625428301091e+02
-7.463857421875000000e+02 -7.459311776822517004e+02
-7.465968627929687500e+02 -7.461568143472989050e+02
-7.465762329101562500e+02 -7.461555906527871684e+02
-7.463864746093750000e+02 -7.459644288900130960e+02
-7.460942993164062500e+02 -7.456699116010473745e+02
# /home/jsp/perl4dpgen_20221025/matplot/all_npy/initial/BN2653: data_e pred_e
-7.462662353515625000e+02 -7.460297877638040518e+02
-7.460490112304687500e+02 -7.459092196285645286e+02
-7.461747436523437500e+02 -7.459793649346663642e+02
-7.462451782226562500e+02 -7.460186550189533818e+02
-7.462434082031250000e+02 -7.460154033380446208e+02
-7.461812744140625000e+02 -7.459787082437493382e+02
-7.460844116210937500e+02 -7.459233423168041099e+02
-7.458319091796875000e+02 -7.456673229261780307e+02
-7.460841064453125000e+02 -7.458803856857246046e+02
-7.462245483398437500e+02 -7.459954900653478944e+02
-7.462213745117187500e+02 -7.459878940184731846e+02
-7.461003417968750000e+02 -7.458783071620880492e+02
-7.459132080078125000e+02 -7.457175750266825389e+02
-7.455808715820312500e+02 -7.453301938912475180e+02
-7.459801635742187500e+02 -7.457528868792516050e+02
-7.462016601562500000e+02 -7.459709719707490194e+02
-7.461933593750000000e+02 -7.459400544025567115e+02
-7.460004272460937500e+02 -7.457201694809207311e+02
-7.457033081054687500e+02 -7.454127395627137957e+02
