# /home/jsp/perl4dpgen_20221025/matplot/all_npy/initial/BN534: data_e pred_e
-1.717449951171875000e+03 -1.717341184042459645e+03
-1.716908081054687500e+03 -1.717121475328319320e+03
-1.717218139648437500e+03 -1.717251375269763912e+03
-1.717392822265625000e+03 -1.717319953714600842e+03
-1.717388061523437500e+03 -1.717316419781610875e+03
-1.717230712890625000e+03 -1.717245165012112466e+03
-1.716968505859375000e+03 -1.717132783900899540e+03
-1.716187988281250000e+03 -1.716408747368035165e+03
-1.716903930664062500e+03 -1.716937459825058340e+03
-1.717312133789062500e+03 -1.717242149379448620e+03
-1.717318115234375000e+03 -1.717245820795657892e+03
-1.716971923828125000e+03 -1.716985023249726510e+03
-1.716416870117187500e+03 -1.716559937902499769e+03
-1.715282226562500000e+03 -1.715175048303076892e+03
-1.716508666992187500e+03 -1.716404261068108781e+03
-1.717233642578125000e+03 -1.717126764139275565e+03
-1.717213500976562500e+03 -1.717119797245087057e+03
-1.716618164062500000e+03 -1.716519554101136009e+03
-1.715738037109375000e+03 -1.715627159264092825e+03
# /home/jsp/perl4dpgen_20221025/matplot/all_npy/initial/BN1599: data_e pred_e
-1.492198120117187500e+03 -1.492148297055461853e+03
-1.490868652343750000e+03 -1.491374185007600772e+03
-1.491626586914062500e+03 -1.491811635023757617e+03
-1.492060058593750000e+03 -1.492070337632102792e+03
-1.492059082031250000e+03 -1.492077058470864358e+03
-1.491680175781250000e+03 -1.491881418508956813e+03
-1.491078491210937500e+03 -1.491593521400754071e+03
-1.491205444335937500e+03 -1.491147370523272457e+03
-1.491783813476562500e+03 -1.491729736350515395e+03
-1.492103027343750000e+03 -1.492051368525615771e+03
-1.492077758789062500e+03 -1.492039393936415536e+03
-1.491782348632812500e+03 -1.491756733057895417e+03
-1.491332763671875000e+03 -1.491332628943635427e+03
-1.490881713867187500e+03 -1.490729143990816738e+03
-1.491641113281250000e+03 -1.491538269530009529e+03
-1.492068969726562500e+03 -1.492001172871710423e+03
-1.492046386718750000e+03 -1.491997444762535451e+03
-1.491664672851562500e+03 -1.491605574658429305e+03
-1.491080322265625000e+03 -1.491013312200709152e+03
# /home/jsp/perl4dpgen_20221025/matplot/all_npy/initial/BN7991: data_e pred_e
-7.466558227539062500e+02 -7.462352514049919137e+02
-7.463461914062500000e+02 -7.459931410039621369e+02
-7.465264892578125000e+02 -7.461355623416710614e+02
-7.466269531250000000e+02 -7.462134055356048066e+02
-7.466205444335937500e+02 -7.462086967946358982e+02
-7.465280151367187500e+02 -7.461406441651888599e+02
-7.463844604492187500e+02 -7.460377882284003590e+02
-7.460019531250000000e+02 -7.455689752865024502e+02
-7.463840942382812500e+02 -7.459530941594084652e+02
-7.465953979492187500e+02 -7.461714082318302417e+02
-7.465834350585937500e+02 -7.461632955578938891e+02
-7.463866577148437500e+02 -7.459718659656468844e+02
-7.460953979492187500e+02 -7.456766018063051433e+02
-7.459972534179687500e+02 -7.455228315188987835e+02
-7.463811645507812500e+02 -7.459221128615590715e+02
-7.465939941406250000e+02 -7.461574890873309869e+02
-7.465845947265625000e+02 -7.461667732858344380e+02
-7.463967285156250000e+02 -7.459645958369546861e+02
-7.460975341796875000e+02 -7.456454818912350220e+02
# /home/jsp/perl4dpgen_20221025/matplot/all_npy/initial/BN344: data_e pred_e
-1.491558105468750000e+03 -1.491960721999872021e+03
-1.491157104492187500e+03 -1.491672176225680687e+03
-1.491408447265625000e+03 -1.491854030527060786e+03
-1.491523803710937500e+03 -1.491935863149277338e+03
-1.491518066406250000e+03 -1.491941646092411702e+03
-1.491401489257812500e+03 -1.491873781030864393e+03
-1.491249145507812500e+03 -1.491785173418331851e+03
-1.490967895507812500e+03 -1.491466527528264123e+03
-1.491308105468750000e+03 -1.491735659789894271e+03
-1.491495117187500000e+03 -1.491907755096707433e+03
-1.491473754882812500e+03 -1.491909364611262163e+03
-1.491310058593750000e+03 -1.491778773572244290e+03
-1.491017578125000000e+03 -1.491553363122981409e+03
-1.490254638671875000e+03 -1.490669459021795319e+03
-1.491012329101562500e+03 -1.491405333308481886e+03
-1.491433105468750000e+03 -1.491829935238174130e+03
-1.491409912109375000e+03 -1.491812225597924680e+03
-1.491032226562500000e+03 -1.491422388443913178e+03
-1.490448364257812500e+03 -1.490833865737645283e+03
# /home/jsp/perl4dpgen_20221025/matplot/all_npy/initial/BN984: data_e pred_e
-7.466569824218750000e+02 -7.461595121992294253e+02
-7.463508911132812500e+02 -7.459316452783650675e+02
-7.465299072265625000e+02 -7.460678621476781700e+02
-7.466292114257812500e+02 -7.461409050746834737e+02
-7.466209716796875000e+02 -7.461312648255600379e+02
-7.465277709960937500e+02 -7.460629971786906935e+02
-7.463836059570312500e+02 -7.459616329796106129e+02
-7.460104370117187500e+02 -7.455234750607299929e+02
-7.463897705078125000e+02 -7.458958700765679168e+02
-7.465986938476562500e+02 -7.461027727729491517e+02
-7.465831298828125000e+02 -7.460840820476679482e+02
-7.463847045898437500e+02 -7.458914520917670643e+02
-7.460922851562500000e+02 -7.455997103693161989e+02
-7.460033569335937500e+02 -7.454923212199130376e+02
-7.463857421875000000e+02 -7.458714838862470060e+02
-7.465968627929687500e+02 -7.460895468404823987e+02
-7.465762329101562500e+02 -7.460962850220176961e+02
-7.463864746093750000e+02 -7.459133961151774201e+02
-7.460942993164062500e+02 -7.456271479999288658e+02
# /home/jsp/perl4dpgen_20221025/matplot/all_npy/initial/BN2653: data_e pred_e
-7.462662353515625000e+02 -7.460929471308920711e+02
-7.460490112304687500e+02 -7.459774781012388303e+02
-7.461747436523437500e+02 -7.460470159350833228e+02
-7.462451782226562500e+02 -7.460846711505348594e+02
-7.462434082031250000e+02 -7.460754365541463358e+02
-7.461812744140625000e+02 -7.460363326786200560e+02
-7.460844116210937500e+02 -7.459795405545828544e+02
-7.458319091796875000e+02 -7.457281644335382680e+02
-7.460841064453125000e+02 -7.459447123265131268e+02
-7.462245483398437500e+02 -7.460631972463803550e+02
-7.462213745117187500e+02 -7.460466293469729635e+02
-7.461003417968750000e+02 -7.459382162476154008e+02
-7.459132080078125000e+02 -7.457802241620065615e+02
-7.455808715820312500e+02 -7.453906053375490046e+02
-7.459801635742187500e+02 -7.458135240750000321e+02
-7.462016601562500000e+02 -7.460407078977923447e+02
-7.461933593750000000e+02 -7.459976280535904607e+02
-7.460004272460937500e+02 -7.457838056659520589e+02
-7.457033081054687500e+02 -7.454786943461757573e+02
