# /home/jsp/perl4dpgen_20221025/matplot/all_npy/initial/BN534: data_e pred_e
-1.717449951171875000e+03 -1.717338758910767410e+03
-1.716908081054687500e+03 -1.717122408795740284e+03
-1.717218139648437500e+03 -1.717251373305360858e+03
-1.717392822265625000e+03 -1.717318603464373837e+03
-1.717388061523437500e+03 -1.717312996487636838e+03
-1.717230712890625000e+03 -1.717239768489495646e+03
-1.716968505859375000e+03 -1.717127437418969976e+03
-1.716187988281250000e+03 -1.716410807334612855e+03
-1.716903930664062500e+03 -1.716937157428285445e+03
-1.717312133789062500e+03 -1.717241624611499674e+03
-1.717318115234375000e+03 -1.717240709599039974e+03
-1.716971923828125000e+03 -1.716982571840349010e+03
-1.716416870117187500e+03 -1.716567097382844395e+03
-1.715282226562500000e+03 -1.715193609271926107e+03
-1.716508666992187500e+03 -1.716403181201261759e+03
-1.717233642578125000e+03 -1.717126204052477988e+03
-1.717213500976562500e+03 -1.717114875925248043e+03
-1.716618164062500000e+03 -1.716524716131141304e+03
-1.715738037109375000e+03 -1.715633657515671757e+03
# /home/jsp/perl4dpgen_20221025/matplot/all_npy/initial/BN1599: data_e pred_e
-1.492198120117187500e+03 -1.492118437807897635e+03
-1.490868652343750000e+03 -1.491296020125391806e+03
-1.491626586914062500e+03 -1.491760628474650275e+03
-1.492060058593750000e+03 -1.492040260758724571e+03
-1.492059082031250000e+03 -1.492042282189384878e+03
-1.491680175781250000e+03 -1.491849409448418555e+03
-1.491078491210937500e+03 -1.491568531803296082e+03
-1.491205444335937500e+03 -1.491117075215326850e+03
-1.491783813476562500e+03 -1.491704588075141146e+03
-1.492103027343750000e+03 -1.492027704536221790e+03
-1.492077758789062500e+03 -1.491999043078042178e+03
-1.491782348632812500e+03 -1.491709073915930048e+03
-1.491332763671875000e+03 -1.491282360139524371e+03
-1.490881713867187500e+03 -1.490738840937993473e+03
-1.491641113281250000e+03 -1.491538233531073729e+03
-1.492068969726562500e+03 -1.491989203060759337e+03
-1.492046386718750000e+03 -1.491955209811521854e+03
-1.491664672851562500e+03 -1.491555617825993068e+03
-1.491080322265625000e+03 -1.490959874806198286e+03
# /home/jsp/perl4dpgen_20221025/matplot/all_npy/initial/BN7991: data_e pred_e
-7.466558227539062500e+02 -7.461859110912785127e+02
-7.463461914062500000e+02 -7.459423707224434565e+02
-7.465264892578125000e+02 -7.460888285381810192e+02
-7.466269531250000000e+02 -7.461665296361832134e+02
-7.466205444335937500e+02 -7.461570769677662156e+02
-7.465280151367187500e+02 -7.460884454331863935e+02
-7.463844604492187500e+02 -7.459873907220970750e+02
-7.460019531250000000e+02 -7.455265700390409620e+02
-7.463840942382812500e+02 -7.459149241841378171e+02
-7.465953979492187500e+02 -7.461281245087125171e+02
-7.465834350585937500e+02 -7.461095649450974179e+02
-7.463866577148437500e+02 -7.459168730205142310e+02
-7.460953979492187500e+02 -7.456246413818262226e+02
-7.459972534179687500e+02 -7.454840877129622640e+02
-7.463811645507812500e+02 -7.458878067923498065e+02
-7.465939941406250000e+02 -7.461158426385427447e+02
-7.465845947265625000e+02 -7.461200603061848824e+02
-7.463967285156250000e+02 -7.459385259801239272e+02
-7.460975341796875000e+02 -7.456600054644844704e+02
# /home/jsp/perl4dpgen_20221025/matplot/all_npy/initial/BN344: data_e pred_e
-1.491558105468750000e+03 -1.492073655110826849e+03
-1.491157104492187500e+03 -1.491774284810105655e+03
-1.491408447265625000e+03 -1.491960077866497613e+03
-1.491523803710937500e+03 -1.492046054247668508e+03
-1.491518066406250000e+03 -1.492055582010754506e+03
-1.491401489257812500e+03 -1.491989348640600838e+03
-1.491249145507812500e+03 -1.491899374792223171e+03
-1.490967895507812500e+03 -1.491551928089401827e+03
-1.491308105468750000e+03 -1.491834838564251640e+03
-1.491495117187500000e+03 -1.492015042533910673e+03
-1.491473754882812500e+03 -1.492025563062588844e+03
-1.491310058593750000e+03 -1.491895280158410515e+03
-1.491017578125000000e+03 -1.491670809461460067e+03
-1.490254638671875000e+03 -1.490774077563548417e+03
-1.491012329101562500e+03 -1.491508148681442435e+03
-1.491433105468750000e+03 -1.491938814149724067e+03
-1.491409912109375000e+03 -1.491927000087993292e+03
-1.491032226562500000e+03 -1.491535930334218392e+03
-1.490448364257812500e+03 -1.490945906362941059e+03
# /home/jsp/perl4dpgen_20221025/matplot/all_npy/initial/BN984: data_e pred_e
-7.466569824218750000e+02 -7.461620485206331068e+02
-7.463508911132812500e+02 -7.459150976289688515e+02
-7.465299072265625000e+02 -7.460627181248881925e+02
-7.466292114257812500e+02 -7.461416997412031833e+02
-7.466209716796875000e+02 -7.461335023281674239e+02
-7.465277709960937500e+02 -7.460642328051051209e+02
-7.463836059570312500e+02 -7.459616742830294243e+02
-7.460104370117187500e+02 -7.454903610410602823e+02
-7.463897705078125000e+02 -7.458832759748283934e+02
-7.465986938476562500e+02 -7.461013236151038654e+02
-7.465831298828125000e+02 -7.460850803258528003e+02
-7.463847045898437500e+02 -7.458878228815560760e+02
-7.460922851562500000e+02 -7.455893338829664572e+02
-7.460033569335937500e+02 -7.454760797970735666e+02
-7.463857421875000000e+02 -7.458718559418401810e+02
-7.465968627929687500e+02 -7.460956024648544371e+02
-7.465762329101562500e+02 -7.460905844205392441e+02
-7.463864746093750000e+02 -7.459001750223426370e+02
-7.460942993164062500e+02 -7.456109799988233817e+02
# /home/jsp/perl4dpgen_20221025/matplot/all_npy/initial/BN2653: data_e pred_e
-7.462662353515625000e+02 -7.460655839181326883e+02
-7.460490112304687500e+02 -7.459603364207114282e+02
-7.461747436523437500e+02 -7.460289661153767611e+02
-7.462451782226562500e+02 -7.460625553770751139e+02
-7.462434082031250000e+02 -7.460438364269384692e+02
-7.461812744140625000e+02 -7.460028958207819869e+02
-7.460844116210937500e+02 -7.459475646996988871e+02
-7.458319091796875000e+02 -7.457194622327945126e+02
-7.460841064453125000e+02 -7.459374234665785934e+02
-7.462245483398437500e+02 -7.460471644225808632e+02
-7.462213745117187500e+02 -7.460122089976280222e+02
-7.461003417968750000e+02 -7.459048774004863844e+02
-7.459132080078125000e+02 -7.457582174880919865e+02
-7.455808715820312500e+02 -7.453672447496890072e+02
-7.459801635742187500e+02 -7.458123374683721067e+02
-7.462016601562500000e+02 -7.460298275381588837e+02
-7.461933593750000000e+02 -7.459632969964693530e+02
-7.460004272460937500e+02 -7.457593119782698068e+02
-7.457033081054687500e+02 -7.454825379715098279e+02
