# /home/jsp/perl4dpgen_20221025/matplot/all_npy/initial/BN534: data_e pred_e
-1.717449951171875000e+03 -1.717364760951739299e+03
-1.716908081054687500e+03 -1.717020470245729484e+03
-1.717218139648437500e+03 -1.717218597821281037e+03
-1.717392822265625000e+03 -1.717326523693227273e+03
-1.717388061523437500e+03 -1.717326666272056627e+03
-1.717230712890625000e+03 -1.717216147768214341e+03
-1.716968505859375000e+03 -1.717050394958282141e+03
-1.716187988281250000e+03 -1.716336188305115684e+03
-1.716903930664062500e+03 -1.716916575847651302e+03
-1.717312133789062500e+03 -1.717249670018827146e+03
-1.717318115234375000e+03 -1.717254822818656066e+03
-1.716971923828125000e+03 -1.716963388066815696e+03
-1.716416870117187500e+03 -1.716487913385044067e+03
-1.715282226562500000e+03 -1.715210249253962502e+03
-1.716508666992187500e+03 -1.716455225420560510e+03
-1.717233642578125000e+03 -1.717163941789992350e+03
-1.717213500976562500e+03 -1.717149310989317655e+03
-1.716618164062500000e+03 -1.716550122393259471e+03
-1.715738037109375000e+03 -1.715630446575625683e+03
# /home/jsp/perl4dpgen_20221025/matplot/all_npy/initial/BN1599: data_e pred_e
-1.492198120117187500e+03 -1.491705903167708584e+03
-1.490868652343750000e+03 -1.490711672015803288e+03
-1.491626586914062500e+03 -1.491265778092485107e+03
-1.492060058593750000e+03 -1.491598438305315767e+03
-1.492059082031250000e+03 -1.491626174696203861e+03
-1.491680175781250000e+03 -1.491386948996304909e+03
-1.491078491210937500e+03 -1.491004462750429411e+03
-1.491205444335937500e+03 -1.490680838398905280e+03
-1.491783813476562500e+03 -1.491268024095981900e+03
-1.492103027343750000e+03 -1.491593575454553047e+03
-1.492077758789062500e+03 -1.491631602566051697e+03
-1.491782348632812500e+03 -1.491383835708582865e+03
-1.491332763671875000e+03 -1.490992113195153252e+03
-1.490881713867187500e+03 -1.490369158542434434e+03
-1.491641113281250000e+03 -1.491141685866372427e+03
-1.492068969726562500e+03 -1.491563442064427136e+03
-1.492046386718750000e+03 -1.491572045578378493e+03
-1.491664672851562500e+03 -1.491195555749561663e+03
-1.491080322265625000e+03 -1.490535703940775647e+03
# /home/jsp/perl4dpgen_20221025/matplot/all_npy/initial/BN7991: data_e pred_e
-7.466558227539062500e+02 -7.465056012894344803e+02
-7.463461914062500000e+02 -7.461958723366190043e+02
-7.465264892578125000e+02 -7.463850840109512319e+02
-7.466269531250000000e+02 -7.464835401976035882e+02
-7.466205444335937500e+02 -7.464645915637597682e+02
-7.465280151367187500e+02 -7.463719037300838863e+02
-7.463844604492187500e+02 -7.462370028802899924e+02
-7.460019531250000000e+02 -7.457576143372721162e+02
-7.463840942382812500e+02 -7.462111176465459721e+02
-7.465953979492187500e+02 -7.464496066980113937e+02
-7.465834350585937500e+02 -7.464153196495244629e+02
-7.463866577148437500e+02 -7.462107154787313448e+02
-7.460953979492187500e+02 -7.459160860763496430e+02
-7.459972534179687500e+02 -7.457233829668987255e+02
-7.463811645507812500e+02 -7.461947584245178859e+02
-7.465939941406250000e+02 -7.464424186703488431e+02
-7.465845947265625000e+02 -7.464208937254741159e+02
-7.463967285156250000e+02 -7.462217389368215663e+02
-7.460975341796875000e+02 -7.459323598635469352e+02
# /home/jsp/perl4dpgen_20221025/matplot/all_npy/initial/BN344: data_e pred_e
-1.491558105468750000e+03 -1.492423037134102742e+03
-1.491157104492187500e+03 -1.492130178079014740e+03
-1.491408447265625000e+03 -1.492311844963893918e+03
-1.491523803710937500e+03 -1.492397838695851533e+03
-1.491518066406250000e+03 -1.492402598668724067e+03
-1.491401489257812500e+03 -1.492333436291893577e+03
-1.491249145507812500e+03 -1.492241332612510405e+03
-1.490967895507812500e+03 -1.491928853399729633e+03
-1.491308105468750000e+03 -1.492205374883757941e+03
-1.491495117187500000e+03 -1.492372899754273931e+03
-1.491473754882812500e+03 -1.492374332561217216e+03
-1.491310058593750000e+03 -1.492252400999348311e+03
-1.491017578125000000e+03 -1.492039762641778680e+03
-1.490254638671875000e+03 -1.491226984729249125e+03
-1.491012329101562500e+03 -1.491924959571021418e+03
-1.491433105468750000e+03 -1.492308103799959554e+03
-1.491409912109375000e+03 -1.492296082511328223e+03
-1.491032226562500000e+03 -1.491963158782946266e+03
-1.490448364257812500e+03 -1.491449049743406704e+03
# /home/jsp/perl4dpgen_20221025/matplot/all_npy/initial/BN984: data_e pred_e
-7.466569824218750000e+02 -7.464663150744129325e+02
-7.463508911132812500e+02 -7.461605541720618930e+02
-7.465299072265625000e+02 -7.463451550272227450e+02
-7.466292114257812500e+02 -7.464441185617255314e+02
-7.466209716796875000e+02 -7.464224622360977719e+02
-7.465277709960937500e+02 -7.463235432120827682e+02
-7.463836059570312500e+02 -7.461799644620300569e+02
-7.460104370117187500e+02 -7.457178796133957803e+02
-7.463897705078125000e+02 -7.461564093744982529e+02
-7.465986938476562500e+02 -7.464048959882035206e+02
-7.465831298828125000e+02 -7.463668843383161402e+02
-7.463847045898437500e+02 -7.461458082401600223e+02
-7.460922851562500000e+02 -7.458353437369390804e+02
-7.460033569335937500e+02 -7.456797446880475491e+02
-7.463857421875000000e+02 -7.461057753178363328e+02
-7.465968627929687500e+02 -7.463819502800932923e+02
-7.465762329101562500e+02 -7.463727108131924979e+02
-7.463864746093750000e+02 -7.461690466152093677e+02
-7.460942993164062500e+02 -7.458839465035331386e+02
# /home/jsp/perl4dpgen_20221025/matplot/all_npy/initial/BN2653: data_e pred_e
-7.462662353515625000e+02 -7.450488479900710672e+02
-7.460490112304687500e+02 -7.448627065538339593e+02
-7.461747436523437500e+02 -7.449763063221537323e+02
-7.462451782226562500e+02 -7.450355146444539969e+02
-7.462434082031250000e+02 -7.450241025430459558e+02
-7.461812744140625000e+02 -7.449690716314705696e+02
-7.460844116210937500e+02 -7.448907763060183242e+02
-7.458319091796875000e+02 -7.445945779231717552e+02
-7.460841064453125000e+02 -7.448704480052103918e+02
-7.462245483398437500e+02 -7.450146795683878054e+02
-7.462213745117187500e+02 -7.449935914875547951e+02
-7.461003417968750000e+02 -7.448696380577906666e+02
-7.459132080078125000e+02 -7.446951772045738380e+02
-7.455808715820312500e+02 -7.443885101871289862e+02
-7.459801635742187500e+02 -7.448012139542754539e+02
-7.462016601562500000e+02 -7.450139942537725801e+02
-7.461933593750000000e+02 -7.449355973171653886e+02
-7.460004272460937500e+02 -7.447093636144225002e+02
-7.457033081054687500e+02 -7.444033005657654485e+02
# /home/jsp/perl4dpgen_20221025/matplot/all_npy/iter_000/BN1599: data_e pred_e
-1.491900390625000000e+03 -1.491489461735469831e+03
# /home/jsp/perl4dpgen_20221025/matplot/all_npy/iter_000/BN2653: data_e pred_e
-7.460570068359375000e+02 -7.449002940076281902e+02
-7.375219116210937500e+02 -7.415981905728834818e+02
-7.384792480468750000e+02 -7.430761104496125427e+02
-7.383845825195312500e+02 -7.421173180908757558e+02
-7.460866699218750000e+02 -7.449171861179843290e+02
# /home/jsp/perl4dpgen_20221025/matplot/all_npy/iter_000/BN534: data_e pred_e
-1.717022705078125000e+03 -1.717083104576337973e+03
-1.717011474609375000e+03 -1.717087080750761743e+03
# /home/jsp/perl4dpgen_20221025/matplot/all_npy/iter_000/BN984: data_e pred_e
-7.466060180664062500e+02 -7.464199542128421854e+02
-7.463651123046875000e+02 -7.462416114572224615e+02
# /home/jsp/perl4dpgen_20221025/matplot/all_npy/iter_000/BN7991: data_e pred_e
-7.464995727539062500e+02 -7.463658584614322535e+02
-7.464094238281250000e+02 -7.462932291957843063e+02
