# /home/jsp/perl4dpgen_20221025/matplot/all_npy/initial/BN534: data_e pred_e
-1.717449951171875000e+03 -1.717342767007120983e+03
-1.716908081054687500e+03 -1.717122736541731228e+03
-1.717218139648437500e+03 -1.717253068330052429e+03
-1.717392822265625000e+03 -1.717321050254255624e+03
-1.717388061523437500e+03 -1.717317842755163383e+03
-1.717230712890625000e+03 -1.717243640948807524e+03
-1.716968505859375000e+03 -1.717129384583064393e+03
-1.716187988281250000e+03 -1.716416060677888481e+03
-1.716903930664062500e+03 -1.716942324235769775e+03
-1.717312133789062500e+03 -1.717245424475114078e+03
-1.717318115234375000e+03 -1.717246358267822188e+03
-1.716971923828125000e+03 -1.716990301547063154e+03
-1.716416870117187500e+03 -1.716564471384667286e+03
-1.715282226562500000e+03 -1.715179066826290182e+03
-1.716508666992187500e+03 -1.716415001664265219e+03
-1.717233642578125000e+03 -1.717134970956331927e+03
-1.717213500976562500e+03 -1.717123120252016861e+03
-1.716618164062500000e+03 -1.716524033640318521e+03
-1.715738037109375000e+03 -1.715624644866815970e+03
# /home/jsp/perl4dpgen_20221025/matplot/all_npy/initial/BN1599: data_e pred_e
-1.492198120117187500e+03 -1.492026178445602454e+03
-1.490868652343750000e+03 -1.491410690703538876e+03
-1.491626586914062500e+03 -1.491756796603786825e+03
-1.492060058593750000e+03 -1.491966437525520178e+03
-1.492059082031250000e+03 -1.491964308479265128e+03
-1.491680175781250000e+03 -1.491803449620450010e+03
-1.491078491210937500e+03 -1.491575918833577816e+03
-1.491205444335937500e+03 -1.491039520883945670e+03
-1.491783813476562500e+03 -1.491630144444970483e+03
-1.492103027343750000e+03 -1.491941006226313675e+03
-1.492077758789062500e+03 -1.491912982250012192e+03
-1.491782348632812500e+03 -1.491632790582988719e+03
-1.491332763671875000e+03 -1.491227033339018590e+03
-1.490881713867187500e+03 -1.490668511190503750e+03
-1.491641113281250000e+03 -1.491463047179729529e+03
-1.492068969726562500e+03 -1.491903586923981493e+03
-1.492046386718750000e+03 -1.491851251175836751e+03
-1.491664672851562500e+03 -1.491450832255877685e+03
-1.491080322265625000e+03 -1.490880015988727109e+03
# /home/jsp/perl4dpgen_20221025/matplot/all_npy/initial/BN7991: data_e pred_e
-7.466558227539062500e+02 -7.462978064458195604e+02
-7.463461914062500000e+02 -7.460763843207519130e+02
-7.465264892578125000e+02 -7.462056750510485017e+02
-7.466269531250000000e+02 -7.462770806333704741e+02
-7.466205444335937500e+02 -7.462739271803463907e+02
-7.465280151367187500e+02 -7.462111253833891169e+02
-7.463844604492187500e+02 -7.461155637539250165e+02
-7.460019531250000000e+02 -7.456339065677581175e+02
-7.463840942382812500e+02 -7.460189650925301521e+02
-7.465953979492187500e+02 -7.462334776610516656e+02
-7.465834350585937500e+02 -7.462266031732165175e+02
-7.463866577148437500e+02 -7.460307596170225679e+02
-7.460953979492187500e+02 -7.457294292989220139e+02
-7.459972534179687500e+02 -7.455830527691000498e+02
-7.463811645507812500e+02 -7.459798628655739776e+02
-7.465939941406250000e+02 -7.462110917390800751e+02
-7.465845947265625000e+02 -7.462474567003913535e+02
-7.463967285156250000e+02 -7.460592581596843047e+02
-7.460975341796875000e+02 -7.457444057310715380e+02
# /home/jsp/perl4dpgen_20221025/matplot/all_npy/initial/BN344: data_e pred_e
-1.491558105468750000e+03 -1.492045265380807223e+03
-1.491157104492187500e+03 -1.491753666090760362e+03
-1.491408447265625000e+03 -1.491934922790725977e+03
-1.491523803710937500e+03 -1.492017679087776287e+03
-1.491518066406250000e+03 -1.492031966014317732e+03
-1.491401489257812500e+03 -1.491966832891853301e+03
-1.491249145507812500e+03 -1.491888089254350689e+03
-1.490967895507812500e+03 -1.491544636409264967e+03
-1.491308105468750000e+03 -1.491810253662672267e+03
-1.491495117187500000e+03 -1.491985872834826296e+03
-1.491473754882812500e+03 -1.491999953545602466e+03
-1.491310058593750000e+03 -1.491880777270880117e+03
-1.491017578125000000e+03 -1.491659298150527775e+03
-1.490254638671875000e+03 -1.490748905544415720e+03
-1.491012329101562500e+03 -1.491471819187879646e+03
-1.491433105468750000e+03 -1.491906036992674672e+03
-1.491409912109375000e+03 -1.491905315283743676e+03
-1.491032226562500000e+03 -1.491520865330116976e+03
-1.490448364257812500e+03 -1.490937235417597776e+03
# /home/jsp/perl4dpgen_20221025/matplot/all_npy/initial/BN984: data_e pred_e
-7.466569824218750000e+02 -7.462110143879403950e+02
-7.463508911132812500e+02 -7.460053019901363314e+02
-7.465299072265625000e+02 -7.461291196691872756e+02
-7.466292114257812500e+02 -7.461950546365169430e+02
-7.466209716796875000e+02 -7.461837153122634163e+02
-7.465277709960937500e+02 -7.461192679774228509e+02
-7.463836059570312500e+02 -7.460242229295363359e+02
-7.460104370117187500e+02 -7.455709735780258143e+02
-7.463897705078125000e+02 -7.459507902253278644e+02
-7.465986938476562500e+02 -7.461563163549054707e+02
-7.465831298828125000e+02 -7.461342341129109172e+02
-7.463847045898437500e+02 -7.459407032599931426e+02
-7.460922851562500000e+02 -7.456518575579907520e+02
-7.460033569335937500e+02 -7.455403694634466092e+02
-7.463857421875000000e+02 -7.459279740765763336e+02
-7.465968627929687500e+02 -7.461429844050294378e+02
-7.465762329101562500e+02 -7.461522588584460891e+02
-7.463864746093750000e+02 -7.459767999995244736e+02
-7.460942993164062500e+02 -7.456970960925043528e+02
# /home/jsp/perl4dpgen_20221025/matplot/all_npy/initial/BN2653: data_e pred_e
-7.462662353515625000e+02 -7.461051319483663065e+02
-7.460490112304687500e+02 -7.460176998244894548e+02
-7.461747436523437500e+02 -7.460723996209327424e+02
-7.462451782226562500e+02 -7.461008855941086040e+02
-7.462434082031250000e+02 -7.460882896764680936e+02
-7.461812744140625000e+02 -7.460540883394614866e+02
-7.460844116210937500e+02 -7.460062716425344433e+02
-7.458319091796875000e+02 -7.457768353754345299e+02
-7.460841064453125000e+02 -7.459762032244971124e+02
-7.462245483398437500e+02 -7.460821509889573235e+02
-7.462213745117187500e+02 -7.460598213850801130e+02
-7.461003417968750000e+02 -7.459618039574836530e+02
-7.459132080078125000e+02 -7.458251728326445118e+02
-7.455808715820312500e+02 -7.454091612400748090e+02
-7.459801635742187500e+02 -7.458339130010829194e+02
-7.462016601562500000e+02 -7.460575367040369201e+02
-7.461933593750000000e+02 -7.460143194431024085e+02
-7.460004272460937500e+02 -7.458223877315804202e+02
-7.457033081054687500e+02 -7.455603411607912676e+02
